{
  "timestamp": "2025-06-30 18:55:17",
  "level": "info",
  "message": "Nouvelle recherche pour l'utilisateur: durov",
  "service": "telegram-intelligence-scraper",
  "ip": "::ffff:192.168.1.24",
  "options": {
    "telegramApi": true,
    "maxResults": 10
  }
}
{
  "timestamp": "2025-06-30 18:55:17",
  "level": "info",
  "message": "Recherche Telegram directe: @durov",
  "service": "telegram-intelligence-scraper"
}
{
  "timestamp": "2025-06-30 18:55:23",
  "level": "error",
  "message": "Erreur récupération info chat @telegramofficiel:",
  "service": "telegram-intelligence-scraper"
}
{
  "timestamp": "2025-06-30 18:55:25",
  "level": "info",
  "message": "Telegram API: 12 résultats",
  "service": "telegram-intelligence-scraper"
}
{
  "timestamp": "2025-06-30 18:59:38",
  "level": "info",
  "message": "Nouvelle recherche pour l'utilisateur: lems7",
  "service": "telegram-intelligence-scraper",
  "ip": "192.168.1.54",
  "options": {
    "google": false,
    "yandex": false,
    "bing": false,
    "aiAnalysis": false,
    "sentimentAnalysis": false,
    "maxResults": 100
  }
}
{
  "timestamp": "2025-06-30 18:59:57",
  "level": "info",
  "message": "Nouvelle recherche pour l'utilisateur: lems7",
  "service": "telegram-intelligence-scraper",
  "ip": "192.168.1.54",
  "options": {
    "google": false,
    "yandex": false,
    "bing": false,
    "aiAnalysis": false,
    "sentimentAnalysis": false,
    "maxResults": 100
  }
}
{
  "timestamp": "2025-06-30 19:02:11",
  "level": "info",
  "message": "Nouvelle recherche pour l'utilisateur: lems7",
  "service": "telegram-intelligence-scraper",
  "ip": "192.168.1.54",
  "options": {
    "google": false,
    "yandex": false,
    "bing": false,
    "aiAnalysis": false,
    "sentimentAnalysis": false,
    "maxResults": 25
  }
}
{
  "timestamp": "2025-06-30 19:02:46",
  "level": "info",
  "message": "Nouvelle recherche pour l'utilisateur: durov",
  "service": "telegram-intelligence-scraper",
  "ip": "192.168.1.54",
  "options": {
    "google": false,
    "yandex": false,
    "bing": false,
    "aiAnalysis": false,
    "sentimentAnalysis": false,
    "maxResults": 25
  }
}
{
  "timestamp": "2025-06-30 19:02:58",
  "level": "info",
  "message": "Nouvelle recherche pour l'utilisateur: durov",
  "service": "telegram-intelligence-scraper",
  "ip": "192.168.1.54",
  "options": {
    "google": false,
    "yandex": false,
    "bing": false,
    "aiAnalysis": false,
    "sentimentAnalysis": false,
    "maxResults": 25
  }
}
{
  "timestamp": "2025-06-30 19:03:04",
  "level": "info",
  "message": "Nouvelle recherche pour l'utilisateur: durov",
  "service": "telegram-intelligence-scraper",
  "ip": "192.168.1.54",
  "options": {
    "google": false,
    "yandex": false,
    "bing": false,
    "aiAnalysis": false,
    "sentimentAnalysis": false,
    "maxResults": 25
  }
}
{
  "timestamp": "2025-06-30 19:04:55",
  "level": "info",
  "message": "Nouvelle recherche pour l'utilisateur: durov",
  "service": "telegram-intelligence-scraper",
  "ip": "192.168.1.54",
  "options": {
    "google": false,
    "yandex": false,
    "bing": false,
    "telegramApi": true,
    "aiAnalysis": false,
    "sentimentAnalysis": false,
    "maxResults": 10
  }
}
{
  "timestamp": "2025-06-30 19:04:55",
  "level": "info",
  "message": "Recherche Telegram directe: @durov",
  "service": "telegram-intelligence-scraper"
}
{
  "timestamp": "2025-06-30 19:04:59",
  "level": "error",
  "message": "Erreur récupération info chat @telegramofficiel:",
  "service": "telegram-intelligence-scraper"
}
{
  "timestamp": "2025-06-30 19:05:01",
  "level": "info",
  "message": "Telegram API: 8 résultats",
  "service": "telegram-intelligence-scraper"
}
{
  "timestamp": "2025-06-30 19:05:51",
  "level": "info",
  "message": "Nouvelle recherche pour l'utilisateur: lems7",
  "service": "telegram-intelligence-scraper",
  "ip": "192.168.1.54",
  "options": {
    "google": false,
    "yandex": false,
    "bing": false,
    "telegramApi": true,
    "aiAnalysis": false,
    "sentimentAnalysis": false,
    "maxResults": 10
  }
}
{
  "timestamp": "2025-06-30 19:05:51",
  "level": "info",
  "message": "Recherche Telegram directe: @lems7",
  "service": "telegram-intelligence-scraper"
}
{
  "timestamp": "2025-06-30 19:05:51",
  "level": "info",
  "message": "Username @lems7 non trouvé ou privé",
  "service": "telegram-intelligence-scraper"
}
{
  "timestamp": "2025-06-30 19:05:54",
  "level": "error",
  "message": "Erreur récupération info chat @telegramofficiel:",
  "service": "telegram-intelligence-scraper"
}
{
  "timestamp": "2025-06-30 19:05:56",
  "level": "info",
  "message": "Telegram API: 7 résultats",
  "service": "telegram-intelligence-scraper"
}
{
  "timestamp": "2025-06-30 19:09:51",
  "level": "info",
  "message": "Nouvelle recherche pour l'utilisateur: lems7",
  "service": "telegram-intelligence-scraper",
  "ip": "192.168.1.54",
  "options": {
    "google": false,
    "yandex": false,
    "bing": false,
    "telegramApi": true,
    "aiAnalysis": false,
    "sentimentAnalysis": false,
    "maxResults": 10
  }
}
{
  "timestamp": "2025-06-30 19:09:51",
  "level": "info",
  "message": "Recherche Telegram directe: @lems7",
  "service": "telegram-intelligence-scraper"
}
{
  "timestamp": "2025-06-30 19:09:51",
  "level": "info",
  "message": "Username @lems7 non trouvé ou privé",
  "service": "telegram-intelligence-scraper"
}
{
  "timestamp": "2025-06-30 19:09:54",
  "level": "error",
  "message": "Erreur récupération info chat @telegramofficiel:",
  "service": "telegram-intelligence-scraper"
}
{
  "timestamp": "2025-06-30 19:09:56",
  "level": "info",
  "message": "Telegram API: 4 résultats",
  "service": "telegram-intelligence-scraper"
}
{
  "timestamp": "2025-06-30 19:10:43",
  "level": "info",
  "message": "Nouvelle recherche pour l'utilisateur: babybunzzz",
  "service": "telegram-intelligence-scraper",
  "ip": "192.168.1.54",
  "options": {
    "google": false,
    "yandex": false,
    "bing": false,
    "telegramApi": true,
    "aiAnalysis": false,
    "sentimentAnalysis": false,
    "maxResults": 10
  }
}
{
  "timestamp": "2025-06-30 19:10:43",
  "level": "info",
  "message": "Recherche Telegram directe: @babybunzzz",
  "service": "telegram-intelligence-scraper"
}
{
  "timestamp": "2025-06-30 19:10:43",
  "level": "info",
  "message": "Username @babybunzzz non trouvé ou privé",
  "service": "telegram-intelligence-scraper"
}
{
  "timestamp": "2025-06-30 19:10:46",
  "level": "error",
  "message": "Erreur récupération info chat @telegramofficiel:",
  "service": "telegram-intelligence-scraper"
}
{
  "timestamp": "2025-06-30 19:10:48",
  "level": "info",
  "message": "Telegram API: 7 résultats",
  "service": "telegram-intelligence-scraper"
}
{
  "timestamp": "2025-06-30 19:19:58",
  "level": "info",
  "message": "Nouvelle recherche pour l'utilisateur: lems7",
  "service": "telegram-intelligence-scraper",
  "ip": "192.168.1.54",
  "options": {
    "google": true,
    "yandex": false,
    "bing": false,
    "telegramApi": true,
    "aiAnalysis": false,
    "sentimentAnalysis": false,
    "maxResults": 10
  }
}
{
  "timestamp": "2025-06-30 19:19:58",
  "level": "error",
  "message": "Erreur Google Search: Google API credentials non configurées",
  "service": "telegram-intelligence-scraper",
  "stack": "Error: Google API credentials non configurées\n    at GoogleSearchService.searchUser (/home/sacha/workspace/telegram-intelligence-scraper/backend/services/googleSearch.js:14:19)\n    at /home/sacha/workspace/telegram-intelligence-scraper/backend/routes/search.js:43:59\n    at Layer.handle [as handle_request] (/home/sacha/workspace/telegram-intelligence-scraper/node_modules/express/lib/router/layer.js:95:5)\n    at next (/home/sacha/workspace/telegram-intelligence-scraper/node_modules/express/lib/router/route.js:149:13)\n    at Route.dispatch (/home/sacha/workspace/telegram-intelligence-scraper/node_modules/express/lib/router/route.js:119:3)\n    at Layer.handle [as handle_request] (/home/sacha/workspace/telegram-intelligence-scraper/node_modules/express/lib/router/layer.js:95:5)\n    at /home/sacha/workspace/telegram-intelligence-scraper/node_modules/express/lib/router/index.js:284:15\n    at Function.process_params (/home/sacha/workspace/telegram-intelligence-scraper/node_modules/express/lib/router/index.js:346:12)\n    at next (/home/sacha/workspace/telegram-intelligence-scraper/node_modules/express/lib/router/index.js:280:10)\n    at /home/sacha/workspace/telegram-intelligence-scraper/node_modules/express-rate-limit/dist/index.cjs:807:7"
}
{
  "timestamp": "2025-06-30 19:19:58",
  "level": "info",
  "message": "Recherche Telegram directe: @lems7",
  "service": "telegram-intelligence-scraper"
}
{
  "timestamp": "2025-06-30 19:19:58",
  "level": "info",
  "message": "Username @lems7 non trouvé ou privé",
  "service": "telegram-intelligence-scraper"
}
{
  "timestamp": "2025-06-30 19:20:01",
  "level": "error",
  "message": "Erreur récupération info chat @telegramofficiel:",
  "service": "telegram-intelligence-scraper"
}
{
  "timestamp": "2025-06-30 19:20:03",
  "level": "info",
  "message": "Telegram API: 6 résultats",
  "service": "telegram-intelligence-scraper"
}
{
  "timestamp": "2025-06-30 19:21:39",
  "level": "info",
  "message": "Nouvelle recherche pour l'utilisateur: lems7",
  "service": "telegram-intelligence-scraper",
  "ip": "192.168.1.54",
  "options": {
    "google": true,
    "yandex": false,
    "bing": false,
    "telegramApi": true,
    "aiAnalysis": false,
    "sentimentAnalysis": false,
    "maxResults": 10
  }
}
{
  "timestamp": "2025-06-30 19:21:39",
  "level": "info",
  "message": "Google Search: site:t.me \"lems7\"",
  "service": "telegram-intelligence-scraper"
}
{
  "timestamp": "2025-06-30 19:21:41",
  "level": "info",
  "message": "Google Search: site:t.me \"@lems7\"",
  "service": "telegram-intelligence-scraper"
}
{
  "timestamp": "2025-06-30 19:21:42",
  "level": "info",
  "message": "Google Search: site:t.me/lems7",
  "service": "telegram-intelligence-scraper"
}
{
  "timestamp": "2025-06-30 19:21:43",
  "level": "info",
  "message": "Google Search: \"lems7\" telegram group OR channel",
  "service": "telegram-intelligence-scraper"
}
{
  "timestamp": "2025-06-30 19:21:45",
  "level": "info",
  "message": "Google Search: inurl:t.me \"lems7\"",
  "service": "telegram-intelligence-scraper"
}
{
  "timestamp": "2025-06-30 19:21:46",
  "level": "info",
  "message": "Google Search: \"telegram.me/lems7\"",
  "service": "telegram-intelligence-scraper"
}
{
  "timestamp": "2025-06-30 19:21:47",
  "level": "info",
  "message": "Google Search: \"lems7\" telegram chat",
  "service": "telegram-intelligence-scraper"
}
{
  "timestamp": "2025-06-30 19:21:49",
  "level": "info",
  "message": "Google Search: site:telegram.me \"lems7\"",
  "service": "telegram-intelligence-scraper"
}
{
  "timestamp": "2025-06-30 19:21:50",
  "level": "info",
  "message": "Google Search: 35 résultats",
  "service": "telegram-intelligence-scraper"
}
{
  "timestamp": "2025-06-30 19:21:50",
  "level": "info",
  "message": "Recherche Telegram directe: @lems7",
  "service": "telegram-intelligence-scraper"
}
{
  "timestamp": "2025-06-30 19:21:50",
  "level": "info",
  "message": "Username @lems7 non trouvé ou privé",
  "service": "telegram-intelligence-scraper"
}
{
  "timestamp": "2025-06-30 19:21:53",
  "level": "error",
  "message": "Erreur récupération info chat @telegramofficiel:",
  "service": "telegram-intelligence-scraper"
}
{
  "timestamp": "2025-06-30 19:21:55",
  "level": "info",
  "message": "Telegram API: 9 résultats",
  "service": "telegram-intelligence-scraper"
}
{
  "timestamp": "2025-06-30 21:09:20",
  "level": "info",
  "message": "Nouvelle recherche pour l'utilisateur: lems7",
  "service": "telegram-intelligence-scraper",
  "ip": "192.168.1.54",
  "options": {
    "google": true,
    "yandex": true,
    "bing": false,
    "telegramApi": false,
    "aiAnalysis": false,
    "sentimentAnalysis": false,
    "maxResults": 50
  }
}
{
  "timestamp": "2025-06-30 21:09:20",
  "level": "info",
  "message": "Google Search: site:t.me \"lems7\"",
  "service": "telegram-intelligence-scraper"
}
{
  "timestamp": "2025-06-30 21:09:21",
  "level": "info",
  "message": "Google Search: site:t.me \"@lems7\"",
  "service": "telegram-intelligence-scraper"
}
{
  "timestamp": "2025-06-30 21:09:22",
  "level": "info",
  "message": "Google Search: site:t.me/lems7",
  "service": "telegram-intelligence-scraper"
}
{
  "timestamp": "2025-06-30 21:09:24",
  "level": "info",
  "message": "Google Search: \"lems7\" telegram group OR channel",
  "service": "telegram-intelligence-scraper"
}
{
  "timestamp": "2025-06-30 21:09:25",
  "level": "info",
  "message": "Google Search: inurl:t.me \"lems7\"",
  "service": "telegram-intelligence-scraper"
}
{
  "timestamp": "2025-06-30 21:09:26",
  "level": "info",
  "message": "Google Search: \"telegram.me/lems7\"",
  "service": "telegram-intelligence-scraper"
}
{
  "timestamp": "2025-06-30 21:09:27",
  "level": "info",
  "message": "Google Search: \"lems7\" telegram chat",
  "service": "telegram-intelligence-scraper"
}
{
  "timestamp": "2025-06-30 21:09:29",
  "level": "info",
  "message": "Google Search: site:telegram.me \"lems7\"",
  "service": "telegram-intelligence-scraper"
}
{
  "timestamp": "2025-06-30 21:09:30",
  "level": "info",
  "message": "Google Search: 35 résultats",
  "service": "telegram-intelligence-scraper"
}
{
  "timestamp": "2025-06-30 21:09:30",
  "level": "info",
  "message": "API Request",
  "service": "Yandex",
  "endpoint": "search",
  "params": {
    "query": "site:t.me \"lems7\""
  }
}
{
  "timestamp": "2025-06-30 21:09:32",
  "level": "info",
  "message": "API Request",
  "service": "Yandex",
  "endpoint": "search",
  "params": {
    "query": "site:t.me \"@lems7\""
  }
}
{
  "timestamp": "2025-06-30 21:09:33",
  "level": "info",
  "message": "API Request",
  "service": "Yandex",
  "endpoint": "search",
  "params": {
    "query": "site:telegram.me \"lems7\""
  }
}
{
  "timestamp": "2025-06-30 21:09:35",
  "level": "info",
  "message": "API Request",
  "service": "Yandex",
  "endpoint": "search",
  "params": {
    "query": "\"lems7\" telegram канал"
  }
}
{
  "timestamp": "2025-06-30 21:09:37",
  "level": "info",
  "message": "API Request",
  "service": "Yandex",
  "endpoint": "search",
  "params": {
    "query": "\"lems7\" telegram группа"
  }
}
{
  "timestamp": "2025-06-30 21:09:39",
  "level": "info",
  "message": "API Request",
  "service": "Yandex",
  "endpoint": "search",
  "params": {
    "query": "\"lems7\" telegram chat"
  }
}
{
  "timestamp": "2025-06-30 21:09:40",
  "level": "info",
  "message": "API Request",
  "service": "Yandex",
  "endpoint": "search",
  "params": {
    "query": "url:t.me \"lems7\""
  }
}
{
  "timestamp": "2025-06-30 21:09:42",
  "level": "info",
  "message": "API Request",
  "service": "Yandex",
  "endpoint": "search",
  "params": {
    "query": "\"@lems7\" telegram"
  }
}
{
  "timestamp": "2025-06-30 21:09:44",
  "level": "info",
  "message": "API Response Success",
  "service": "Yandex",
  "success": true,
  "resultsCount": 0,
  "duration": "0ms"
}
{
  "timestamp": "2025-06-30 21:09:44",
  "level": "info",
  "message": "Yandex Search: 0 résultats",
  "service": "telegram-intelligence-scraper"
}
{
  "timestamp": "2025-06-30 21:11:24",
  "level": "info",
  "message": "Nouvelle recherche pour l'utilisateur: putin",
  "service": "telegram-intelligence-scraper",
  "ip": "192.168.1.54",
  "options": {
    "google": false,
    "yandex": true,
    "bing": false,
    "telegramApi": false,
    "aiAnalysis": false,
    "sentimentAnalysis": false,
    "maxResults": 50
  }
}
{
  "timestamp": "2025-06-30 21:11:24",
  "level": "info",
  "message": "API Request",
  "service": "Yandex",
  "endpoint": "search",
  "params": {
    "query": "site:t.me \"putin\""
  }
}
{
  "timestamp": "2025-06-30 21:11:26",
  "level": "info",
  "message": "API Request",
  "service": "Yandex",
  "endpoint": "search",
  "params": {
    "query": "site:t.me \"@putin\""
  }
}
{
  "timestamp": "2025-06-30 21:11:28",
  "level": "info",
  "message": "API Request",
  "service": "Yandex",
  "endpoint": "search",
  "params": {
    "query": "site:telegram.me \"putin\""
  }
}
{
  "timestamp": "2025-06-30 21:11:30",
  "level": "info",
  "message": "API Request",
  "service": "Yandex",
  "endpoint": "search",
  "params": {
    "query": "\"putin\" telegram канал"
  }
}
{
  "timestamp": "2025-06-30 21:11:32",
  "level": "info",
  "message": "API Request",
  "service": "Yandex",
  "endpoint": "search",
  "params": {
    "query": "\"putin\" telegram группа"
  }
}
{
  "timestamp": "2025-06-30 21:11:33",
  "level": "info",
  "message": "API Request",
  "service": "Yandex",
  "endpoint": "search",
  "params": {
    "query": "\"putin\" telegram chat"
  }
}
{
  "timestamp": "2025-06-30 21:11:35",
  "level": "info",
  "message": "API Request",
  "service": "Yandex",
  "endpoint": "search",
  "params": {
    "query": "url:t.me \"putin\""
  }
}
{
  "timestamp": "2025-06-30 21:11:37",
  "level": "info",
  "message": "API Request",
  "service": "Yandex",
  "endpoint": "search",
  "params": {
    "query": "\"@putin\" telegram"
  }
}
{
  "timestamp": "2025-06-30 21:11:39",
  "level": "info",
  "message": "API Response Success",
  "service": "Yandex",
  "success": true,
  "resultsCount": 0,
  "duration": "0ms"
}
{
  "timestamp": "2025-06-30 21:11:39",
  "level": "info",
  "message": "Yandex Search: 0 résultats",
  "service": "telegram-intelligence-scraper"
}
{
  "timestamp": "2025-06-30 21:13:49",
  "level": "info",
  "message": "Nouvelle recherche pour l'utilisateur: putin",
  "service": "telegram-intelligence-scraper",
  "ip": "192.168.1.54",
  "options": {
    "google": false,
    "yandex": true,
    "bing": false,
    "telegramApi": false,
    "aiAnalysis": false,
    "sentimentAnalysis": false,
    "maxResults": 50
  }
}
{
  "timestamp": "2025-06-30 21:13:49",
  "level": "info",
  "message": "API Request",
  "service": "Yandex",
  "endpoint": "search",
  "params": {
    "query": "site:t.me \"putin\""
  }
}
{
  "timestamp": "2025-06-30 21:13:51",
  "level": "info",
  "message": "API Request",
  "service": "Yandex",
  "endpoint": "search",
  "params": {
    "query": "site:t.me \"@putin\""
  }
}
{
  "timestamp": "2025-06-30 21:13:53",
  "level": "info",
  "message": "API Request",
  "service": "Yandex",
  "endpoint": "search",
  "params": {
    "query": "site:telegram.me \"putin\""
  }
}
{
  "timestamp": "2025-06-30 21:13:55",
  "level": "info",
  "message": "API Request",
  "service": "Yandex",
  "endpoint": "search",
  "params": {
    "query": "\"putin\" telegram канал"
  }
}
{
  "timestamp": "2025-06-30 21:13:57",
  "level": "info",
  "message": "API Request",
  "service": "Yandex",
  "endpoint": "search",
  "params": {
    "query": "\"putin\" telegram группа"
  }
}
{
  "timestamp": "2025-06-30 21:13:59",
  "level": "info",
  "message": "API Request",
  "service": "Yandex",
  "endpoint": "search",
  "params": {
    "query": "\"putin\" telegram chat"
  }
}
{
  "timestamp": "2025-06-30 21:14:01",
  "level": "info",
  "message": "API Request",
  "service": "Yandex",
  "endpoint": "search",
  "params": {
    "query": "url:t.me \"putin\""
  }
}
{
  "timestamp": "2025-06-30 21:14:02",
  "level": "info",
  "message": "API Request",
  "service": "Yandex",
  "endpoint": "search",
  "params": {
    "query": "\"@putin\" telegram"
  }
}
{
  "timestamp": "2025-06-30 21:14:04",
  "level": "info",
  "message": "API Response Success",
  "service": "Yandex",
  "success": true,
  "resultsCount": 0,
  "duration": "0ms"
}
{
  "timestamp": "2025-06-30 21:14:04",
  "level": "info",
  "message": "Yandex Search: 0 résultats",
  "service": "telegram-intelligence-scraper"
}
{
  "timestamp": "2025-06-30 21:15:32",
  "level": "info",
  "message": "Nouvelle recherche pour l'utilisateur: putin",
  "service": "telegram-intelligence-scraper",
  "ip": "192.168.1.54",
  "options": {
    "google": false,
    "yandex": true,
    "bing": false,
    "telegramApi": false,
    "aiAnalysis": false,
    "sentimentAnalysis": false,
    "maxResults": 10
  }
}
{
  "timestamp": "2025-06-30 21:15:32",
  "level": "info",
  "message": "API Request",
  "service": "Yandex",
  "endpoint": "search",
  "params": {
    "query": "site:t.me \"putin\""
  }
}
{
  "timestamp": "2025-06-30 21:15:35",
  "level": "info",
  "message": "API Request",
  "service": "Yandex",
  "endpoint": "search",
  "params": {
    "query": "site:t.me \"@putin\""
  }
}
{
  "timestamp": "2025-06-30 21:15:36",
  "level": "info",
  "message": "API Request",
  "service": "Yandex",
  "endpoint": "search",
  "params": {
    "query": "site:telegram.me \"putin\""
  }
}
{
  "timestamp": "2025-06-30 21:15:38",
  "level": "info",
  "message": "API Request",
  "service": "Yandex",
  "endpoint": "search",
  "params": {
    "query": "\"putin\" telegram канал"
  }
}
{
  "timestamp": "2025-06-30 21:15:40",
  "level": "info",
  "message": "API Request",
  "service": "Yandex",
  "endpoint": "search",
  "params": {
    "query": "\"putin\" telegram группа"
  }
}
{
  "timestamp": "2025-06-30 21:15:43",
  "level": "info",
  "message": "API Request",
  "service": "Yandex",
  "endpoint": "search",
  "params": {
    "query": "\"putin\" telegram chat"
  }
}
{
  "timestamp": "2025-06-30 21:15:46",
  "level": "info",
  "message": "API Request",
  "service": "Yandex",
  "endpoint": "search",
  "params": {
    "query": "url:t.me \"putin\""
  }
}
{
  "timestamp": "2025-06-30 21:15:47",
  "level": "info",
  "message": "API Request",
  "service": "Yandex",
  "endpoint": "search",
  "params": {
    "query": "\"@putin\" telegram"
  }
}
{
  "timestamp": "2025-06-30 21:15:49",
  "level": "info",
  "message": "API Response Success",
  "service": "Yandex",
  "success": true,
  "resultsCount": 0,
  "duration": "0ms"
}
{
  "timestamp": "2025-06-30 21:15:49",
  "level": "info",
  "message": "Yandex Search: 0 résultats",
  "service": "telegram-intelligence-scraper"
}
{
  "timestamp": "2025-06-30 21:18:51",
  "level": "info",
  "message": "Nouvelle recherche pour l'utilisateur: putin",
  "service": "telegram-intelligence-scraper",
  "ip": "192.168.1.54",
  "options": {
    "google": false,
    "yandex": true,
    "bing": false,
    "telegramApi": false,
    "aiAnalysis": false,
    "sentimentAnalysis": false,
    "maxResults": 10
  }
}
{
  "timestamp": "2025-06-30 21:18:51",
  "level": "info",
  "message": "API Request",
  "service": "Yandex",
  "endpoint": "search",
  "params": {
    "query": "site:t.me \"putin\""
  }
}
{
  "timestamp": "2025-06-30 21:18:53",
  "level": "info",
  "message": "API Request",
  "service": "Yandex",
  "endpoint": "search",
  "params": {
    "query": "site:t.me \"@putin\""
  }
}
{
  "timestamp": "2025-06-30 21:18:55",
  "level": "info",
  "message": "API Request",
  "service": "Yandex",
  "endpoint": "search",
  "params": {
    "query": "site:telegram.me \"putin\""
  }
}
{
  "timestamp": "2025-06-30 21:18:58",
  "level": "info",
  "message": "API Request",
  "service": "Yandex",
  "endpoint": "search",
  "params": {
    "query": "\"putin\" telegram канал"
  }
}
{
  "timestamp": "2025-06-30 21:18:59",
  "level": "info",
  "message": "API Request",
  "service": "Yandex",
  "endpoint": "search",
  "params": {
    "query": "\"putin\" telegram группа"
  }
}
{
  "timestamp": "2025-06-30 21:19:02",
  "level": "info",
  "message": "API Request",
  "service": "Yandex",
  "endpoint": "search",
  "params": {
    "query": "\"putin\" telegram chat"
  }
}
{
  "timestamp": "2025-06-30 21:19:03",
  "level": "info",
  "message": "API Request",
  "service": "Yandex",
  "endpoint": "search",
  "params": {
    "query": "url:t.me \"putin\""
  }
}
{
  "timestamp": "2025-06-30 21:19:06",
  "level": "info",
  "message": "API Request",
  "service": "Yandex",
  "endpoint": "search",
  "params": {
    "query": "\"@putin\" telegram"
  }
}
{
  "timestamp": "2025-06-30 21:19:07",
  "level": "info",
  "message": "API Response Success",
  "service": "Yandex",
  "success": true,
  "resultsCount": 0,
  "duration": "0ms"
}
{
  "timestamp": "2025-06-30 21:19:07",
  "level": "info",
  "message": "Yandex Search: 0 résultats",
  "service": "telegram-intelligence-scraper"
}
{
  "timestamp": "2025-06-30 21:30:43",
  "level": "info",
  "message": "Nouvelle recherche pour l'utilisateur: putin",
  "service": "telegram-intelligence-scraper",
  "ip": "192.168.1.54",
  "options": {
    "google": false,
    "yandex": true,
    "bing": false,
    "telegramApi": false,
    "aiAnalysis": false,
    "sentimentAnalysis": false,
    "maxResults": 10
  }
}
{
  "timestamp": "2025-06-30 21:30:43",
  "level": "info",
  "message": "API Request",
  "service": "Yandex",
  "endpoint": "search",
  "params": {
    "query": "site:t.me \"putin\""
  }
}
{
  "timestamp": "2025-06-30 21:30:43",
  "level": "error",
  "message": "API Response Error",
  "service": "Yandex",
  "success": false,
  "resultsCount": 0,
  "duration": "0ms",
  "error": "getaddrinfo ENOTFOUND search.api.cloud.yandex.net"
}
{
  "timestamp": "2025-06-30 21:30:43",
  "level": "info",
  "message": "API Request",
  "service": "Yandex",
  "endpoint": "search",
  "params": {
    "query": "site:t.me \"@putin\""
  }
}
{
  "timestamp": "2025-06-30 21:30:43",
  "level": "error",
  "message": "API Response Error",
  "service": "Yandex",
  "success": false,
  "resultsCount": 0,
  "duration": "0ms",
  "error": "getaddrinfo ENOTFOUND search.api.cloud.yandex.net"
}
{
  "timestamp": "2025-06-30 21:30:43",
  "level": "info",
  "message": "API Request",
  "service": "Yandex",
  "endpoint": "search",
  "params": {
    "query": "site:telegram.me \"putin\""
  }
}
{
  "timestamp": "2025-06-30 21:30:43",
  "level": "error",
  "message": "API Response Error",
  "service": "Yandex",
  "success": false,
  "resultsCount": 0,
  "duration": "0ms",
  "error": "getaddrinfo ENOTFOUND search.api.cloud.yandex.net"
}
{
  "timestamp": "2025-06-30 21:30:43",
  "level": "info",
  "message": "API Request",
  "service": "Yandex",
  "endpoint": "search",
  "params": {
    "query": "\"putin\" telegram канал"
  }
}
{
  "timestamp": "2025-06-30 21:30:43",
  "level": "error",
  "message": "API Response Error",
  "service": "Yandex",
  "success": false,
  "resultsCount": 0,
  "duration": "0ms",
  "error": "getaddrinfo ENOTFOUND search.api.cloud.yandex.net"
}
{
  "timestamp": "2025-06-30 21:30:43",
  "level": "info",
  "message": "API Request",
  "service": "Yandex",
  "endpoint": "search",
  "params": {
    "query": "\"putin\" telegram группа"
  }
}
{
  "timestamp": "2025-06-30 21:30:43",
  "level": "error",
  "message": "API Response Error",
  "service": "Yandex",
  "success": false,
  "resultsCount": 0,
  "duration": "0ms",
  "error": "getaddrinfo ENOTFOUND search.api.cloud.yandex.net"
}
{
  "timestamp": "2025-06-30 21:30:43",
  "level": "info",
  "message": "API Request",
  "service": "Yandex",
  "endpoint": "search",
  "params": {
    "query": "\"putin\" telegram chat"
  }
}
{
  "timestamp": "2025-06-30 21:30:43",
  "level": "error",
  "message": "API Response Error",
  "service": "Yandex",
  "success": false,
  "resultsCount": 0,
  "duration": "0ms",
  "error": "getaddrinfo ENOTFOUND search.api.cloud.yandex.net"
}
{
  "timestamp": "2025-06-30 21:30:43",
  "level": "info",
  "message": "API Request",
  "service": "Yandex",
  "endpoint": "search",
  "params": {
    "query": "url:t.me \"putin\""
  }
}
{
  "timestamp": "2025-06-30 21:30:43",
  "level": "error",
  "message": "API Response Error",
  "service": "Yandex",
  "success": false,
  "resultsCount": 0,
  "duration": "0ms",
  "error": "getaddrinfo ENOTFOUND search.api.cloud.yandex.net"
}
{
  "timestamp": "2025-06-30 21:30:43",
  "level": "info",
  "message": "API Request",
  "service": "Yandex",
  "endpoint": "search",
  "params": {
    "query": "\"@putin\" telegram"
  }
}
{
  "timestamp": "2025-06-30 21:30:43",
  "level": "error",
  "message": "API Response Error",
  "service": "Yandex",
  "success": false,
  "resultsCount": 0,
  "duration": "0ms",
  "error": "getaddrinfo ENOTFOUND search.api.cloud.yandex.net"
}
{
  "timestamp": "2025-06-30 21:30:43",
  "level": "info",
  "message": "API Request",
  "service": "Yandex",
  "endpoint": "search",
  "params": {
    "query": "\"putin\" site:t.me"
  }
}
{
  "timestamp": "2025-06-30 21:30:43",
  "level": "error",
  "message": "API Response Error",
  "service": "Yandex",
  "success": false,
  "resultsCount": 0,
  "duration": "0ms",
  "error": "getaddrinfo ENOTFOUND search.api.cloud.yandex.net"
}
{
  "timestamp": "2025-06-30 21:30:43",
  "level": "info",
  "message": "API Request",
  "service": "Yandex",
  "endpoint": "search",
  "params": {
    "query": "intitle:\"putin\" site:t.me"
  }
}
{
  "timestamp": "2025-06-30 21:30:43",
  "level": "error",
  "message": "API Response Error",
  "service": "Yandex",
  "success": false,
  "resultsCount": 0,
  "duration": "0ms",
  "error": "getaddrinfo ENOTFOUND search.api.cloud.yandex.net"
}
{
  "timestamp": "2025-06-30 21:30:43",
  "level": "info",
  "message": "API Response Success",
  "service": "Yandex",
  "success": true,
  "resultsCount": 0,
  "duration": "0ms"
}
{
  "timestamp": "2025-06-30 21:30:43",
  "level": "info",
  "message": "Yandex Search: 0 résultats",
  "service": "telegram-intelligence-scraper"
}
{
  "timestamp": "2025-06-30 21:31:00",
  "level": "info",
  "message": "Nouvelle recherche pour l'utilisateur: putin",
  "service": "telegram-intelligence-scraper",
  "ip": "192.168.1.54",
  "options": {
    "google": false,
    "yandex": true,
    "bing": false,
    "telegramApi": false,
    "aiAnalysis": false,
    "sentimentAnalysis": false,
    "maxResults": 10
  }
}
{
  "timestamp": "2025-06-30 21:31:00",
  "level": "info",
  "message": "API Request",
  "service": "Yandex",
  "endpoint": "search",
  "params": {
    "query": "site:t.me \"putin\""
  }
}
{
  "timestamp": "2025-06-30 21:31:00",
  "level": "error",
  "message": "API Response Error",
  "service": "Yandex",
  "success": false,
  "resultsCount": 0,
  "duration": "0ms",
  "error": "getaddrinfo ENOTFOUND search.api.cloud.yandex.net"
}
{
  "timestamp": "2025-06-30 21:31:00",
  "level": "info",
  "message": "API Request",
  "service": "Yandex",
  "endpoint": "search",
  "params": {
    "query": "site:t.me \"@putin\""
  }
}
{
  "timestamp": "2025-06-30 21:31:00",
  "level": "error",
  "message": "API Response Error",
  "service": "Yandex",
  "success": false,
  "resultsCount": 0,
  "duration": "0ms",
  "error": "getaddrinfo ENOTFOUND search.api.cloud.yandex.net"
}
{
  "timestamp": "2025-06-30 21:31:00",
  "level": "info",
  "message": "API Request",
  "service": "Yandex",
  "endpoint": "search",
  "params": {
    "query": "site:telegram.me \"putin\""
  }
}
{
  "timestamp": "2025-06-30 21:31:00",
  "level": "error",
  "message": "API Response Error",
  "service": "Yandex",
  "success": false,
  "resultsCount": 0,
  "duration": "0ms",
  "error": "getaddrinfo ENOTFOUND search.api.cloud.yandex.net"
}
{
  "timestamp": "2025-06-30 21:31:00",
  "level": "info",
  "message": "API Request",
  "service": "Yandex",
  "endpoint": "search",
  "params": {
    "query": "\"putin\" telegram канал"
  }
}
{
  "timestamp": "2025-06-30 21:31:00",
  "level": "error",
  "message": "API Response Error",
  "service": "Yandex",
  "success": false,
  "resultsCount": 0,
  "duration": "0ms",
  "error": "getaddrinfo ENOTFOUND search.api.cloud.yandex.net"
}
{
  "timestamp": "2025-06-30 21:31:00",
  "level": "info",
  "message": "API Request",
  "service": "Yandex",
  "endpoint": "search",
  "params": {
    "query": "\"putin\" telegram группа"
  }
}
{
  "timestamp": "2025-06-30 21:31:00",
  "level": "error",
  "message": "API Response Error",
  "service": "Yandex",
  "success": false,
  "resultsCount": 0,
  "duration": "0ms",
  "error": "getaddrinfo ENOTFOUND search.api.cloud.yandex.net"
}
{
  "timestamp": "2025-06-30 21:31:00",
  "level": "info",
  "message": "API Request",
  "service": "Yandex",
  "endpoint": "search",
  "params": {
    "query": "\"putin\" telegram chat"
  }
}
{
  "timestamp": "2025-06-30 21:31:00",
  "level": "error",
  "message": "API Response Error",
  "service": "Yandex",
  "success": false,
  "resultsCount": 0,
  "duration": "0ms",
  "error": "getaddrinfo ENOTFOUND search.api.cloud.yandex.net"
}
{
  "timestamp": "2025-06-30 21:31:00",
  "level": "info",
  "message": "API Request",
  "service": "Yandex",
  "endpoint": "search",
  "params": {
    "query": "url:t.me \"putin\""
  }
}
{
  "timestamp": "2025-06-30 21:31:00",
  "level": "error",
  "message": "API Response Error",
  "service": "Yandex",
  "success": false,
  "resultsCount": 0,
  "duration": "0ms",
  "error": "getaddrinfo ENOTFOUND search.api.cloud.yandex.net"
}
{
  "timestamp": "2025-06-30 21:31:00",
  "level": "info",
  "message": "API Request",
  "service": "Yandex",
  "endpoint": "search",
  "params": {
    "query": "\"@putin\" telegram"
  }
}
{
  "timestamp": "2025-06-30 21:31:00",
  "level": "error",
  "message": "API Response Error",
  "service": "Yandex",
  "success": false,
  "resultsCount": 0,
  "duration": "0ms",
  "error": "getaddrinfo ENOTFOUND search.api.cloud.yandex.net"
}
{
  "timestamp": "2025-06-30 21:31:00",
  "level": "info",
  "message": "API Request",
  "service": "Yandex",
  "endpoint": "search",
  "params": {
    "query": "\"putin\" site:t.me"
  }
}
{
  "timestamp": "2025-06-30 21:31:00",
  "level": "error",
  "message": "API Response Error",
  "service": "Yandex",
  "success": false,
  "resultsCount": 0,
  "duration": "0ms",
  "error": "getaddrinfo ENOTFOUND search.api.cloud.yandex.net"
}
{
  "timestamp": "2025-06-30 21:31:00",
  "level": "info",
  "message": "API Request",
  "service": "Yandex",
  "endpoint": "search",
  "params": {
    "query": "intitle:\"putin\" site:t.me"
  }
}
{
  "timestamp": "2025-06-30 21:31:00",
  "level": "error",
  "message": "API Response Error",
  "service": "Yandex",
  "success": false,
  "resultsCount": 0,
  "duration": "0ms",
  "error": "getaddrinfo ENOTFOUND search.api.cloud.yandex.net"
}
{
  "timestamp": "2025-06-30 21:31:00",
  "level": "info",
  "message": "API Response Success",
  "service": "Yandex",
  "success": true,
  "resultsCount": 0,
  "duration": "0ms"
}
{
  "timestamp": "2025-06-30 21:31:00",
  "level": "info",
  "message": "Yandex Search: 0 résultats",
  "service": "telegram-intelligence-scraper"
}
{
  "timestamp": "2025-06-30 21:40:31",
  "level": "info",
  "message": "Nouvelle recherche pour l'utilisateur: putin",
  "service": "telegram-intelligence-scraper",
  "ip": "192.168.1.54",
  "options": {
    "google": false,
    "yandex": true,
    "bing": false,
    "telegramApi": false,
    "aiAnalysis": false,
    "sentimentAnalysis": false,
    "maxResults": 10
  }
}
{
  "timestamp": "2025-06-30 21:40:31",
  "level": "info",
  "message": "API Request",
  "service": "Yandex",
  "endpoint": "search",
  "params": {
    "query": "site:t.me \"putin\""
  }
}
{
  "timestamp": "2025-06-30 21:40:31",
  "level": "error",
  "message": "API Response Error",
  "service": "Yandex",
  "success": false,
  "resultsCount": 0,
  "duration": "0ms",
  "error": "getaddrinfo ENOTFOUND search.api.cloud.yandex.net"
}
{
  "timestamp": "2025-06-30 21:40:31",
  "level": "info",
  "message": "API Request",
  "service": "Yandex",
  "endpoint": "search",
  "params": {
    "query": "site:t.me \"@putin\""
  }
}
{
  "timestamp": "2025-06-30 21:40:31",
  "level": "error",
  "message": "API Response Error",
  "service": "Yandex",
  "success": false,
  "resultsCount": 0,
  "duration": "0ms",
  "error": "getaddrinfo ENOTFOUND search.api.cloud.yandex.net"
}
{
  "timestamp": "2025-06-30 21:40:31",
  "level": "info",
  "message": "API Request",
  "service": "Yandex",
  "endpoint": "search",
  "params": {
    "query": "site:telegram.me \"putin\""
  }
}
{
  "timestamp": "2025-06-30 21:40:31",
  "level": "error",
  "message": "API Response Error",
  "service": "Yandex",
  "success": false,
  "resultsCount": 0,
  "duration": "0ms",
  "error": "getaddrinfo ENOTFOUND search.api.cloud.yandex.net"
}
{
  "timestamp": "2025-06-30 21:40:31",
  "level": "info",
  "message": "API Request",
  "service": "Yandex",
  "endpoint": "search",
  "params": {
    "query": "\"putin\" telegram канал"
  }
}
{
  "timestamp": "2025-06-30 21:40:31",
  "level": "error",
  "message": "API Response Error",
  "service": "Yandex",
  "success": false,
  "resultsCount": 0,
  "duration": "0ms",
  "error": "getaddrinfo ENOTFOUND search.api.cloud.yandex.net"
}
{
  "timestamp": "2025-06-30 21:40:31",
  "level": "info",
  "message": "API Request",
  "service": "Yandex",
  "endpoint": "search",
  "params": {
    "query": "\"putin\" telegram группа"
  }
}
{
  "timestamp": "2025-06-30 21:40:31",
  "level": "error",
  "message": "API Response Error",
  "service": "Yandex",
  "success": false,
  "resultsCount": 0,
  "duration": "0ms",
  "error": "getaddrinfo ENOTFOUND search.api.cloud.yandex.net"
}
{
  "timestamp": "2025-06-30 21:40:31",
  "level": "info",
  "message": "API Request",
  "service": "Yandex",
  "endpoint": "search",
  "params": {
    "query": "\"putin\" telegram chat"
  }
}
{
  "timestamp": "2025-06-30 21:40:31",
  "level": "error",
  "message": "API Response Error",
  "service": "Yandex",
  "success": false,
  "resultsCount": 0,
  "duration": "0ms",
  "error": "getaddrinfo ENOTFOUND search.api.cloud.yandex.net"
}
{
  "timestamp": "2025-06-30 21:40:31",
  "level": "info",
  "message": "API Request",
  "service": "Yandex",
  "endpoint": "search",
  "params": {
    "query": "url:t.me \"putin\""
  }
}
{
  "timestamp": "2025-06-30 21:40:31",
  "level": "error",
  "message": "API Response Error",
  "service": "Yandex",
  "success": false,
  "resultsCount": 0,
  "duration": "0ms",
  "error": "getaddrinfo ENOTFOUND search.api.cloud.yandex.net"
}
{
  "timestamp": "2025-06-30 21:40:31",
  "level": "info",
  "message": "API Request",
  "service": "Yandex",
  "endpoint": "search",
  "params": {
    "query": "\"@putin\" telegram"
  }
}
{
  "timestamp": "2025-06-30 21:40:31",
  "level": "error",
  "message": "API Response Error",
  "service": "Yandex",
  "success": false,
  "resultsCount": 0,
  "duration": "0ms",
  "error": "getaddrinfo ENOTFOUND search.api.cloud.yandex.net"
}
{
  "timestamp": "2025-06-30 21:40:31",
  "level": "info",
  "message": "API Request",
  "service": "Yandex",
  "endpoint": "search",
  "params": {
    "query": "\"putin\" site:t.me"
  }
}
{
  "timestamp": "2025-06-30 21:40:31",
  "level": "error",
  "message": "API Response Error",
  "service": "Yandex",
  "success": false,
  "resultsCount": 0,
  "duration": "0ms",
  "error": "getaddrinfo ENOTFOUND search.api.cloud.yandex.net"
}
{
  "timestamp": "2025-06-30 21:40:31",
  "level": "info",
  "message": "API Request",
  "service": "Yandex",
  "endpoint": "search",
  "params": {
    "query": "intitle:\"putin\" site:t.me"
  }
}
{
  "timestamp": "2025-06-30 21:40:31",
  "level": "error",
  "message": "API Response Error",
  "service": "Yandex",
  "success": false,
  "resultsCount": 0,
  "duration": "0ms",
  "error": "getaddrinfo ENOTFOUND search.api.cloud.yandex.net"
}
{
  "timestamp": "2025-06-30 21:40:31",
  "level": "info",
  "message": "API Response Success",
  "service": "Yandex",
  "success": true,
  "resultsCount": 0,
  "duration": "0ms"
}
{
  "timestamp": "2025-06-30 21:40:31",
  "level": "info",
  "message": "Yandex Search: 0 résultats",
  "service": "telegram-intelligence-scraper"
}
{
  "timestamp": "2025-06-30 21:43:18",
  "level": "info",
  "message": "Nouvelle recherche pour l'utilisateur: putin",
  "service": "telegram-intelligence-scraper",
  "ip": "192.168.1.54",
  "options": {
    "google": false,
    "yandex": true,
    "bing": false,
    "telegramApi": false,
    "aiAnalysis": false,
    "sentimentAnalysis": false,
    "maxResults": 10
  }
}
{
  "timestamp": "2025-06-30 21:43:18",
  "level": "info",
  "message": "API Request",
  "service": "Yandex",
  "endpoint": "search",
  "params": {
    "query": "site:t.me \"putin\""
  }
}
{
  "timestamp": "2025-06-30 21:43:19",
  "level": "error",
  "message": "API Response Error",
  "service": "Yandex",
  "success": false,
  "resultsCount": 0,
  "duration": "0ms",
  "error": "Request failed with status code 404"
}
{
  "timestamp": "2025-06-30 21:43:19",
  "level": "info",
  "message": "API Request",
  "service": "Yandex",
  "endpoint": "search",
  "params": {
    "query": "site:t.me \"@putin\""
  }
}
{
  "timestamp": "2025-06-30 21:43:19",
  "level": "error",
  "message": "API Response Error",
  "service": "Yandex",
  "success": false,
  "resultsCount": 0,
  "duration": "0ms",
  "error": "Request failed with status code 404"
}
{
  "timestamp": "2025-06-30 21:43:19",
  "level": "info",
  "message": "API Request",
  "service": "Yandex",
  "endpoint": "search",
  "params": {
    "query": "site:telegram.me \"putin\""
  }
}
{
  "timestamp": "2025-06-30 21:43:19",
  "level": "error",
  "message": "API Response Error",
  "service": "Yandex",
  "success": false,
  "resultsCount": 0,
  "duration": "0ms",
  "error": "Request failed with status code 404"
}
{
  "timestamp": "2025-06-30 21:43:19",
  "level": "info",
  "message": "API Request",
  "service": "Yandex",
  "endpoint": "search",
  "params": {
    "query": "\"putin\" telegram канал"
  }
}
{
  "timestamp": "2025-06-30 21:43:19",
  "level": "error",
  "message": "API Response Error",
  "service": "Yandex",
  "success": false,
  "resultsCount": 0,
  "duration": "0ms",
  "error": "Request failed with status code 404"
}
{
  "timestamp": "2025-06-30 21:43:19",
  "level": "info",
  "message": "API Request",
  "service": "Yandex",
  "endpoint": "search",
  "params": {
    "query": "\"putin\" telegram группа"
  }
}
{
  "timestamp": "2025-06-30 21:43:19",
  "level": "error",
  "message": "API Response Error",
  "service": "Yandex",
  "success": false,
  "resultsCount": 0,
  "duration": "0ms",
  "error": "Request failed with status code 404"
}
{
  "timestamp": "2025-06-30 21:43:19",
  "level": "info",
  "message": "API Request",
  "service": "Yandex",
  "endpoint": "search",
  "params": {
    "query": "\"putin\" telegram chat"
  }
}
{
  "timestamp": "2025-06-30 21:43:20",
  "level": "error",
  "message": "API Response Error",
  "service": "Yandex",
  "success": false,
  "resultsCount": 0,
  "duration": "0ms",
  "error": "Request failed with status code 404"
}
{
  "timestamp": "2025-06-30 21:43:20",
  "level": "info",
  "message": "API Request",
  "service": "Yandex",
  "endpoint": "search",
  "params": {
    "query": "url:t.me \"putin\""
  }
}
{
  "timestamp": "2025-06-30 21:43:20",
  "level": "error",
  "message": "API Response Error",
  "service": "Yandex",
  "success": false,
  "resultsCount": 0,
  "duration": "0ms",
  "error": "Request failed with status code 404"
}
{
  "timestamp": "2025-06-30 21:43:20",
  "level": "info",
  "message": "API Request",
  "service": "Yandex",
  "endpoint": "search",
  "params": {
    "query": "\"@putin\" telegram"
  }
}
{
  "timestamp": "2025-06-30 21:43:20",
  "level": "error",
  "message": "API Response Error",
  "service": "Yandex",
  "success": false,
  "resultsCount": 0,
  "duration": "0ms",
  "error": "Request failed with status code 404"
}
{
  "timestamp": "2025-06-30 21:43:20",
  "level": "info",
  "message": "API Request",
  "service": "Yandex",
  "endpoint": "search",
  "params": {
    "query": "\"putin\" site:t.me"
  }
}
{
  "timestamp": "2025-06-30 21:43:20",
  "level": "error",
  "message": "API Response Error",
  "service": "Yandex",
  "success": false,
  "resultsCount": 0,
  "duration": "0ms",
  "error": "Request failed with status code 404"
}
{
  "timestamp": "2025-06-30 21:43:20",
  "level": "info",
  "message": "API Request",
  "service": "Yandex",
  "endpoint": "search",
  "params": {
    "query": "intitle:\"putin\" site:t.me"
  }
}
{
  "timestamp": "2025-06-30 21:43:20",
  "level": "error",
  "message": "API Response Error",
  "service": "Yandex",
  "success": false,
  "resultsCount": 0,
  "duration": "0ms",
  "error": "Request failed with status code 404"
}
{
  "timestamp": "2025-06-30 21:43:20",
  "level": "info",
  "message": "API Response Success",
  "service": "Yandex",
  "success": true,
  "resultsCount": 0,
  "duration": "0ms"
}
{
  "timestamp": "2025-06-30 21:43:20",
  "level": "info",
  "message": "Yandex Search: 0 résultats",
  "service": "telegram-intelligence-scraper"
}
{
  "timestamp": "2025-06-30 22:11:03",
  "level": "info",
  "message": "Nouvelle recherche pour l'utilisateur: lems7",
  "service": "telegram-intelligence-scraper",
  "ip": "192.168.1.54",
  "options": {
    "google": false,
    "yandex": true,
    "bing": false,
    "telegramApi": false,
    "aiAnalysis": false,
    "sentimentAnalysis": false,
    "maxResults": 10
  }
}
{
  "timestamp": "2025-06-30 22:22:13",
  "level": "info",
  "message": "Nouvelle recherche pour l'utilisateur: lems7",
  "service": "telegram-intelligence-scraper",
  "ip": "192.168.1.54",
  "options": {
    "google": false,
    "yandex": true,
    "bing": false,
    "telegramApi": false,
    "aiAnalysis": false,
    "sentimentAnalysis": false,
    "maxResults": 10
  }
}
{
  "timestamp": "2025-07-06 15:34:40",
  "level": "info",
  "message": "Nouvelle recherche pour l'utilisateur: lems7",
  "service": "telegram-intelligence-scraper",
  "ip": "192.168.1.54",
  "options": {
    "google": false,
    "bing": false,
    "telegramApi": false,
    "social": true,
    "aiAnalysis": false,
    "sentimentAnalysis": true,
    "maxResults": 10
  }
}
{
  "timestamp": "2025-07-06 15:34:40",
  "level": "info",
  "message": "🌐 SocialScraperService initialisé avec configuration avancée",
  "service": "telegram-intelligence-scraper"
}
{
  "timestamp": "2025-07-06 15:34:40",
  "level": "info",
  "message": "🔍 SocialScraper: Début de la recherche sociale pour \"lems7\"",
  "service": "telegram-intelligence-scraper",
  "username": "lems7",
  "options": {
    "google": false,
    "bing": false,
    "telegramApi": false,
    "social": true,
    "aiAnalysis": false,
    "sentimentAnalysis": true,
    "maxResults": 10
  }
}
{
  "timestamp": "2025-07-06 15:34:40",
  "level": "info",
  "message": "🔍 Recherche Reddit avancée...",
  "service": "telegram-intelligence-scraper"
}
{
  "timestamp": "2025-07-06 15:34:40",
  "level": "info",
  "message": "💬 Recherche Discord avancée...",
  "service": "telegram-intelligence-scraper"
}
{
  "timestamp": "2025-07-06 15:34:59",
  "level": "warn",
  "message": "Erreur recherche Reddit r/telegramchannels: Request failed with status code 403",
  "service": "telegram-intelligence-scraper"
}
{
  "timestamp": "2025-07-06 15:35:08",
  "level": "info",
  "message": "API Response Success",
  "service": "SocialScraper",
  "success": true,
  "resultsCount": 0,
  "duration": "28227ms"
}
{
  "timestamp": "2025-07-06 15:35:08",
  "level": "info",
  "message": "✅ Recherche terminée: 0 résultats en 28227ms",
  "service": "telegram-intelligence-scraper",
  "username": "lems7",
  "resultCount": 0,
  "errors": 0,
  "duration": 28227
}
{
  "timestamp": "2025-07-06 15:35:08",
  "level": "info",
  "message": "Social Media: 0 résultats",
  "service": "telegram-intelligence-scraper"
}
{
  "timestamp": "2025-07-06 15:40:08",
  "level": "info",
  "message": "Nouvelle recherche pour l'utilisateur: lems7",
  "service": "telegram-intelligence-scraper",
  "ip": "192.168.1.54",
  "options": {
    "google": false,
    "bing": false,
    "telegramApi": false,
    "social": true,
    "aiAnalysis": false,
    "sentimentAnalysis": false,
    "maxResults": 10
  }
}
{
  "timestamp": "2025-07-06 15:40:08",
  "level": "info",
  "message": "🌐 SocialScraperService initialisé avec configuration avancée",
  "service": "telegram-intelligence-scraper"
}
{
  "timestamp": "2025-07-06 15:40:08",
  "level": "info",
  "message": "🔍 SocialScraper: Début de la recherche sociale pour \"lems7\"",
  "service": "telegram-intelligence-scraper",
  "username": "lems7",
  "options": {
    "google": false,
    "bing": false,
    "telegramApi": false,
    "social": true,
    "aiAnalysis": false,
    "sentimentAnalysis": false,
    "maxResults": 10
  }
}
{
  "timestamp": "2025-07-06 15:40:08",
  "level": "info",
  "message": "🔍 Recherche Reddit avancée...",
  "service": "telegram-intelligence-scraper"
}
{
  "timestamp": "2025-07-06 15:40:08",
  "level": "info",
  "message": "💬 Recherche Discord avancée...",
  "service": "telegram-intelligence-scraper"
}
{
  "timestamp": "2025-07-06 15:40:27",
  "level": "warn",
  "message": "Erreur recherche Reddit r/telegramchannels: Request failed with status code 403",
  "service": "telegram-intelligence-scraper"
}
{
  "timestamp": "2025-07-06 15:40:35",
  "level": "info",
  "message": "API Response Success",
  "service": "SocialScraper",
  "success": true,
  "resultsCount": 1,
  "duration": "27554ms"
}
{
  "timestamp": "2025-07-06 15:40:35",
  "level": "info",
  "message": "✅ Recherche terminée: 1 résultats en 27554ms",
  "service": "telegram-intelligence-scraper",
  "username": "lems7",
  "resultCount": 1,
  "errors": 0,
  "duration": 27554
}
{
  "timestamp": "2025-07-06 15:40:35",
  "level": "info",
  "message": "Social Media: 1 résultats",
  "service": "telegram-intelligence-scraper"
}
{
  "timestamp": "2025-07-06 15:55:11",
  "level": "info",
  "message": "Nouvelle recherche pour l'utilisateur: lems7",
  "service": "telegram-intelligence-scraper",
  "ip": "192.168.1.54",
  "options": {
    "google": false,
    "bing": false,
    "telegramApi": false,
    "social": true,
    "aiAnalysis": false,
    "sentimentAnalysis": false,
    "maxResults": 10
  }
}
{
  "timestamp": "2025-07-06 15:55:11",
  "level": "info",
  "message": "🌐 SocialScraperService Enhanced initialisé",
  "service": "telegram-intelligence-scraper"
}
{
  "timestamp": "2025-07-06 15:55:11",
  "level": "info",
  "message": "🔍 SocialScraper Enhanced: Recherche pour \"lems7\"",
  "service": "telegram-intelligence-scraper"
}
{
  "timestamp": "2025-07-06 15:55:11",
  "level": "info",
  "message": "🔍 Recherche Reddit Enhanced...",
  "service": "telegram-intelligence-scraper"
}
{
  "timestamp": "2025-07-06 15:55:11",
  "level": "info",
  "message": "🔴 RedditAPIService initialisé",
  "service": "telegram-intelligence-scraper"
}
{
  "timestamp": "2025-07-06 15:55:11",
  "level": "info",
  "message": "🔍 Recherche Reddit API pour: lems7",
  "service": "telegram-intelligence-scraper"
}
{
  "timestamp": "2025-07-06 15:55:11",
  "level": "info",
  "message": "📱 Recherche dans les annuaires Telegram...",
  "service": "telegram-intelligence-scraper"
}
{
  "timestamp": "2025-07-06 15:55:11",
  "level": "info",
  "message": "🐙 Recherche GitHub...",
  "service": "telegram-intelligence-scraper"
}
{
  "timestamp": "2025-07-06 15:55:11",
  "level": "info",
  "message": "💬 Recherche Discord Enhanced...",
  "service": "telegram-intelligence-scraper"
}
{
  "timestamp": "2025-07-06 15:55:11",
  "level": "error",
  "message": "❌ Erreur authentification Reddit: Unauthorized",
  "service": "telegram-intelligence-scraper",
  "error": 401
}
{
  "timestamp": "2025-07-06 15:55:11",
  "level": "error",
  "message": "❌ Erreur Reddit API: Impossible de s'authentifier avec l'API Reddit",
  "service": "telegram-intelligence-scraper",
  "stack": "Error: Impossible de s'authentifier avec l'API Reddit\n    at RedditAPIService.authenticate (/home/sacha/workspace/telegram-intelligence-scraper/backend/services/redditAPI.js:53:19)\n    at process.processTicksAndRejections (node:internal/process/task_queues:95:5)\n    at async RedditAPIService.searchTelegramOnReddit (/home/sacha/workspace/telegram-intelligence-scraper/backend/services/redditAPI.js:69:13)\n    at async SocialScraperService.searchRedditEnhanced (/home/sacha/workspace/telegram-intelligence-scraper/backend/services/socialScraper.js:191:32)\n    at async Promise.allSettled (index 0)\n    at async SocialScraperService.searchUser (/home/sacha/workspace/telegram-intelligence-scraper/backend/services/socialScraper.js:146:37)\n    at async /home/sacha/workspace/telegram-intelligence-scraper/backend/routes/search.js:94:39"
}
{
  "timestamp": "2025-07-06 15:55:11",
  "level": "info",
  "message": "📖 Tentative via old.reddit.com...",
  "service": "telegram-intelligence-scraper"
}
{
  "timestamp": "2025-07-06 15:55:11",
  "level": "warn",
  "message": "Accès refusé (403) pour https://old.reddit.com/search.json - Tentative avec proxy...",
  "service": "telegram-intelligence-scraper"
}
{
  "timestamp": "2025-07-06 15:55:11",
  "level": "warn",
  "message": "Erreur old.reddit pour \"\"lems7\" telegram\": Request failed with status code 403",
  "service": "telegram-intelligence-scraper"
}
{
  "timestamp": "2025-07-06 15:55:11",
  "level": "warn",
  "message": "Accès refusé (403) pour https://old.reddit.com/search.json - Tentative avec proxy...",
  "service": "telegram-intelligence-scraper"
}
{
  "timestamp": "2025-07-06 15:55:11",
  "level": "warn",
  "message": "Erreur old.reddit pour \"@lems7 telegram\": Request failed with status code 403",
  "service": "telegram-intelligence-scraper"
}
{
  "timestamp": "2025-07-06 15:55:11",
  "level": "warn",
  "message": "Accès refusé (403) pour https://old.reddit.com/search.json - Tentative avec proxy...",
  "service": "telegram-intelligence-scraper"
}
{
  "timestamp": "2025-07-06 15:55:11",
  "level": "warn",
  "message": "Erreur old.reddit pour \"lems7 channel\": Request failed with status code 403",
  "service": "telegram-intelligence-scraper"
}
{
  "timestamp": "2025-07-06 15:55:11",
  "level": "warn",
  "message": "Accès refusé (403) pour https://old.reddit.com/search.json - Tentative avec proxy...",
  "service": "telegram-intelligence-scraper"
}
{
  "timestamp": "2025-07-06 15:55:11",
  "level": "warn",
  "message": "Erreur old.reddit pour \"lems7 group\": Request failed with status code 403",
  "service": "telegram-intelligence-scraper"
}
{
  "timestamp": "2025-07-06 15:55:11",
  "level": "info",
  "message": "📡 Tentative via RSS Reddit...",
  "service": "telegram-intelligence-scraper"
}
{
  "timestamp": "2025-07-06 15:55:15",
  "level": "warn",
  "message": "Erreur GitHub \"@lems7 telegram\": Request failed with status code 422",
  "service": "telegram-intelligence-scraper"
}
{
  "timestamp": "2025-07-06 15:55:16",
  "level": "warn",
  "message": "Accès refusé (403) pour https://combot.org/telegram/channels?search=lems7 - Tentative avec proxy...",
  "service": "telegram-intelligence-scraper"
}
{
  "timestamp": "2025-07-06 15:55:16",
  "level": "warn",
  "message": "Erreur recherche annuaire: Request failed with status code 403",
  "service": "telegram-intelligence-scraper"
}
{
  "timestamp": "2025-07-06 15:55:16",
  "level": "warn",
  "message": "Accès refusé (403) pour https://www.reddit.com/r/telegramchannels/search.rss?q=lems7&restrict_sr=1 - Tentative avec proxy...",
  "service": "telegram-intelligence-scraper"
}
{
  "timestamp": "2025-07-06 15:55:16",
  "level": "warn",
  "message": "Erreur RSS Reddit: Request failed with status code 403",
  "service": "telegram-intelligence-scraper"
}
{
  "timestamp": "2025-07-06 15:55:16",
  "level": "info",
  "message": "🔧 Tentative via API Reddit standard...",
  "service": "telegram-intelligence-scraper"
}
{
  "timestamp": "2025-07-06 15:55:21",
  "level": "info",
  "message": "🗂️ Tentative via Pushshift API...",
  "service": "telegram-intelligence-scraper"
}
{
  "timestamp": "2025-07-06 15:55:21",
  "level": "warn",
  "message": "Accès refusé (403) pour https://api.pushshift.io/reddit/search/submission - Tentative avec proxy...",
  "service": "telegram-intelligence-scraper"
}
{
  "timestamp": "2025-07-06 15:55:21",
  "level": "warn",
  "message": "Erreur Pushshift: Request failed with status code 403",
  "service": "telegram-intelligence-scraper"
}
{
  "timestamp": "2025-07-06 15:55:21",
  "level": "info",
  "message": "API Response Success",
  "service": "SocialScraperEnhanced",
  "success": true,
  "resultsCount": 0,
  "duration": "10402ms"
}
{
  "timestamp": "2025-07-06 15:55:21",
  "level": "info",
  "message": "✅ Recherche terminée: 0 résultats en 10402ms",
  "service": "telegram-intelligence-scraper"
}
{
  "timestamp": "2025-07-06 15:55:21",
  "level": "info",
  "message": "Social Media: 0 résultats",
  "service": "telegram-intelligence-scraper"
}
{
  "timestamp": "2025-07-06 15:59:32",
  "level": "info",
  "message": "Nouvelle recherche pour l'utilisateur: lems7",
  "service": "telegram-intelligence-scraper",
  "ip": "192.168.1.54",
  "options": {
    "google": false,
    "bing": false,
    "telegramApi": false,
    "social": true,
    "aiAnalysis": false,
    "sentimentAnalysis": false,
    "maxResults": 10
  }
}
{
  "timestamp": "2025-07-06 15:59:32",
  "level": "info",
  "message": "🌐 SocialScraperService Enhanced initialisé",
  "service": "telegram-intelligence-scraper"
}
{
  "timestamp": "2025-07-06 15:59:32",
  "level": "info",
  "message": "🔍 SocialScraper Enhanced: Recherche pour \"lems7\"",
  "service": "telegram-intelligence-scraper"
}
{
  "timestamp": "2025-07-06 15:59:32",
  "level": "info",
  "message": "🔍 Recherche Reddit Enhanced...",
  "service": "telegram-intelligence-scraper"
}
{
  "timestamp": "2025-07-06 15:59:32",
  "level": "info",
  "message": "🔴 RedditAPIService initialisé",
  "service": "telegram-intelligence-scraper"
}
{
  "timestamp": "2025-07-06 15:59:32",
  "level": "info",
  "message": "🔍 Recherche Reddit API pour: lems7",
  "service": "telegram-intelligence-scraper"
}
{
  "timestamp": "2025-07-06 15:59:32",
  "level": "info",
  "message": "📱 Recherche dans les annuaires Telegram...",
  "service": "telegram-intelligence-scraper"
}
{
  "timestamp": "2025-07-06 15:59:32",
  "level": "info",
  "message": "🐙 Recherche GitHub...",
  "service": "telegram-intelligence-scraper"
}
{
  "timestamp": "2025-07-06 15:59:32",
  "level": "info",
  "message": "💬 Recherche Discord Enhanced...",
  "service": "telegram-intelligence-scraper"
}
{
  "timestamp": "2025-07-06 15:59:33",
  "level": "info",
  "message": "✅ Authentification Reddit réussie",
  "service": "telegram-intelligence-scraper"
}
{
  "timestamp": "2025-07-06 15:59:37",
  "level": "warn",
  "message": "Erreur GitHub \"@lems7 telegram\": Request failed with status code 422",
  "service": "telegram-intelligence-scraper"
}
{
  "timestamp": "2025-07-06 15:59:37",
  "level": "warn",
  "message": "Accès refusé (403) pour https://combot.org/telegram/channels?search=lems7 - Tentative avec proxy...",
  "service": "telegram-intelligence-scraper"
}
{
  "timestamp": "2025-07-06 15:59:37",
  "level": "warn",
  "message": "Erreur recherche annuaire: Request failed with status code 403",
  "service": "telegram-intelligence-scraper"
}
{
  "timestamp": "2025-07-06 15:59:38",
  "level": "warn",
  "message": "Erreur recherche r/telegramchannels: Request failed with status code 403",
  "service": "telegram-intelligence-scraper"
}
{
  "timestamp": "2025-07-06 15:59:42",
  "level": "info",
  "message": "✅ Reddit API: 0 résultats trouvés",
  "service": "telegram-intelligence-scraper"
}
{
  "timestamp": "2025-07-06 15:59:42",
  "level": "info",
  "message": "📖 Tentative via old.reddit.com...",
  "service": "telegram-intelligence-scraper"
}
{
  "timestamp": "2025-07-06 15:59:42",
  "level": "warn",
  "message": "Accès refusé (403) pour https://old.reddit.com/search.json - Tentative avec proxy...",
  "service": "telegram-intelligence-scraper"
}
{
  "timestamp": "2025-07-06 15:59:42",
  "level": "warn",
  "message": "Erreur old.reddit pour \"\"lems7\" telegram\": Request failed with status code 403",
  "service": "telegram-intelligence-scraper"
}
{
  "timestamp": "2025-07-06 15:59:42",
  "level": "warn",
  "message": "Accès refusé (403) pour https://old.reddit.com/search.json - Tentative avec proxy...",
  "service": "telegram-intelligence-scraper"
}
{
  "timestamp": "2025-07-06 15:59:42",
  "level": "warn",
  "message": "Erreur old.reddit pour \"@lems7 telegram\": Request failed with status code 403",
  "service": "telegram-intelligence-scraper"
}
{
  "timestamp": "2025-07-06 15:59:42",
  "level": "warn",
  "message": "Accès refusé (403) pour https://old.reddit.com/search.json - Tentative avec proxy...",
  "service": "telegram-intelligence-scraper"
}
{
  "timestamp": "2025-07-06 15:59:42",
  "level": "warn",
  "message": "Erreur old.reddit pour \"lems7 channel\": Request failed with status code 403",
  "service": "telegram-intelligence-scraper"
}
{
  "timestamp": "2025-07-06 15:59:42",
  "level": "warn",
  "message": "Accès refusé (403) pour https://old.reddit.com/search.json - Tentative avec proxy...",
  "service": "telegram-intelligence-scraper"
}
{
  "timestamp": "2025-07-06 15:59:42",
  "level": "warn",
  "message": "Erreur old.reddit pour \"lems7 group\": Request failed with status code 403",
  "service": "telegram-intelligence-scraper"
}
{
  "timestamp": "2025-07-06 15:59:42",
  "level": "info",
  "message": "📡 Tentative via RSS Reddit...",
  "service": "telegram-intelligence-scraper"
}
{
  "timestamp": "2025-07-06 15:59:46",
  "level": "warn",
  "message": "Accès refusé (403) pour https://www.reddit.com/r/telegramchannels/search.rss?q=lems7&restrict_sr=1 - Tentative avec proxy...",
  "service": "telegram-intelligence-scraper"
}
{
  "timestamp": "2025-07-06 15:59:46",
  "level": "warn",
  "message": "Erreur RSS Reddit: Request failed with status code 403",
  "service": "telegram-intelligence-scraper"
}
{
  "timestamp": "2025-07-06 15:59:46",
  "level": "info",
  "message": "🔧 Tentative via API Reddit standard...",
  "service": "telegram-intelligence-scraper"
}
{
  "timestamp": "2025-07-06 15:59:51",
  "level": "info",
  "message": "🗂️ Tentative via Pushshift API...",
  "service": "telegram-intelligence-scraper"
}
{
  "timestamp": "2025-07-06 15:59:52",
  "level": "warn",
  "message": "Accès refusé (403) pour https://api.pushshift.io/reddit/search/submission - Tentative avec proxy...",
  "service": "telegram-intelligence-scraper"
}
{
  "timestamp": "2025-07-06 15:59:52",
  "level": "warn",
  "message": "Erreur Pushshift: Request failed with status code 403",
  "service": "telegram-intelligence-scraper"
}
{
  "timestamp": "2025-07-06 15:59:52",
  "level": "info",
  "message": "API Response Success",
  "service": "SocialScraperEnhanced",
  "success": true,
  "resultsCount": 0,
  "duration": "19315ms"
}
{
  "timestamp": "2025-07-06 15:59:52",
  "level": "info",
  "message": "✅ Recherche terminée: 0 résultats en 19315ms",
  "service": "telegram-intelligence-scraper"
}
{
  "timestamp": "2025-07-06 15:59:52",
  "level": "info",
  "message": "Social Media: 0 résultats",
  "service": "telegram-intelligence-scraper"
}
{
  "timestamp": "2025-07-06 16:03:32",
  "level": "info",
  "message": "Nouvelle recherche pour l'utilisateur: sabrinacarpenter",
  "service": "telegram-intelligence-scraper",
  "ip": "192.168.1.54",
  "options": {
    "google": false,
    "bing": false,
    "telegramApi": false,
    "social": true,
    "aiAnalysis": false,
    "sentimentAnalysis": false,
    "maxResults": 10
  }
}
{
  "timestamp": "2025-07-06 16:03:32",
  "level": "info",
  "message": "🌐 SocialScraperService Enhanced initialisé",
  "service": "telegram-intelligence-scraper"
}
{
  "timestamp": "2025-07-06 16:03:32",
  "level": "info",
  "message": "🔍 SocialScraper Enhanced: Recherche pour \"sabrinacarpenter\"",
  "service": "telegram-intelligence-scraper"
}
{
  "timestamp": "2025-07-06 16:03:32",
  "level": "info",
  "message": "🔍 Recherche Reddit Enhanced...",
  "service": "telegram-intelligence-scraper"
}
{
  "timestamp": "2025-07-06 16:03:32",
  "level": "info",
  "message": "🔴 RedditAPIService initialisé",
  "service": "telegram-intelligence-scraper"
}
{
  "timestamp": "2025-07-06 16:03:32",
  "level": "info",
  "message": "🔍 Recherche Reddit API pour: sabrinacarpenter",
  "service": "telegram-intelligence-scraper"
}
{
  "timestamp": "2025-07-06 16:03:32",
  "level": "info",
  "message": "📱 Recherche dans les annuaires Telegram...",
  "service": "telegram-intelligence-scraper"
}
{
  "timestamp": "2025-07-06 16:03:32",
  "level": "info",
  "message": "🐙 Recherche GitHub...",
  "service": "telegram-intelligence-scraper"
}
{
  "timestamp": "2025-07-06 16:03:32",
  "level": "info",
  "message": "💬 Recherche Discord Enhanced...",
  "service": "telegram-intelligence-scraper"
}
{
  "timestamp": "2025-07-06 16:03:32",
  "level": "info",
  "message": "✅ Authentification Reddit réussie",
  "service": "telegram-intelligence-scraper"
}
{
  "timestamp": "2025-07-06 16:03:37",
  "level": "warn",
  "message": "Erreur GitHub \"@sabrinacarpenter telegram\": Request failed with status code 422",
  "service": "telegram-intelligence-scraper"
}
{
  "timestamp": "2025-07-06 16:03:37",
  "level": "warn",
  "message": "Accès refusé (403) pour https://combot.org/telegram/channels?search=sabrinacarpenter - Tentative avec proxy...",
  "service": "telegram-intelligence-scraper"
}
{
  "timestamp": "2025-07-06 16:03:37",
  "level": "warn",
  "message": "Erreur recherche annuaire: Request failed with status code 403",
  "service": "telegram-intelligence-scraper"
}
{
  "timestamp": "2025-07-06 16:03:38",
  "level": "warn",
  "message": "Erreur recherche r/telegramchannels: Request failed with status code 403",
  "service": "telegram-intelligence-scraper"
}
{
  "timestamp": "2025-07-06 16:03:42",
  "level": "info",
  "message": "✅ Reddit API: 0 résultats trouvés",
  "service": "telegram-intelligence-scraper"
}
{
  "timestamp": "2025-07-06 16:03:42",
  "level": "info",
  "message": "📖 Tentative via old.reddit.com...",
  "service": "telegram-intelligence-scraper"
}
{
  "timestamp": "2025-07-06 16:03:42",
  "level": "warn",
  "message": "Accès refusé (403) pour https://old.reddit.com/search.json - Tentative avec proxy...",
  "service": "telegram-intelligence-scraper"
}
{
  "timestamp": "2025-07-06 16:03:42",
  "level": "warn",
  "message": "Erreur old.reddit pour \"\"sabrinacarpenter\" telegram\": Request failed with status code 403",
  "service": "telegram-intelligence-scraper"
}
{
  "timestamp": "2025-07-06 16:03:42",
  "level": "warn",
  "message": "Accès refusé (403) pour https://old.reddit.com/search.json - Tentative avec proxy...",
  "service": "telegram-intelligence-scraper"
}
{
  "timestamp": "2025-07-06 16:03:42",
  "level": "warn",
  "message": "Erreur old.reddit pour \"@sabrinacarpenter telegram\": Request failed with status code 403",
  "service": "telegram-intelligence-scraper"
}
{
  "timestamp": "2025-07-06 16:03:42",
  "level": "warn",
  "message": "Accès refusé (403) pour https://old.reddit.com/search.json - Tentative avec proxy...",
  "service": "telegram-intelligence-scraper"
}
{
  "timestamp": "2025-07-06 16:03:42",
  "level": "warn",
  "message": "Erreur old.reddit pour \"sabrinacarpenter channel\": Request failed with status code 403",
  "service": "telegram-intelligence-scraper"
}
{
  "timestamp": "2025-07-06 16:03:42",
  "level": "warn",
  "message": "Accès refusé (403) pour https://old.reddit.com/search.json - Tentative avec proxy...",
  "service": "telegram-intelligence-scraper"
}
{
  "timestamp": "2025-07-06 16:03:42",
  "level": "warn",
  "message": "Erreur old.reddit pour \"sabrinacarpenter group\": Request failed with status code 403",
  "service": "telegram-intelligence-scraper"
}
{
  "timestamp": "2025-07-06 16:03:42",
  "level": "info",
  "message": "📡 Tentative via RSS Reddit...",
  "service": "telegram-intelligence-scraper"
}
{
  "timestamp": "2025-07-06 16:03:47",
  "level": "warn",
  "message": "Accès refusé (403) pour https://www.reddit.com/r/telegramchannels/search.rss?q=sabrinacarpenter&restrict_sr=1 - Tentative avec proxy...",
  "service": "telegram-intelligence-scraper"
}
{
  "timestamp": "2025-07-06 16:03:47",
  "level": "warn",
  "message": "Erreur RSS Reddit: Request failed with status code 403",
  "service": "telegram-intelligence-scraper"
}
{
  "timestamp": "2025-07-06 16:03:47",
  "level": "info",
  "message": "🔧 Tentative via API Reddit standard...",
  "service": "telegram-intelligence-scraper"
}
{
  "timestamp": "2025-07-06 16:03:52",
  "level": "info",
  "message": "API Response Success",
  "service": "SocialScraperEnhanced",
  "success": true,
  "resultsCount": 1,
  "duration": "19693ms"
}
{
  "timestamp": "2025-07-06 16:03:52",
  "level": "info",
  "message": "✅ Recherche terminée: 1 résultats en 19693ms",
  "service": "telegram-intelligence-scraper"
}
{
  "timestamp": "2025-07-06 16:03:52",
  "level": "info",
  "message": "Social Media: 1 résultats",
  "service": "telegram-intelligence-scraper"
}
{
  "timestamp": "2025-07-06 16:13:45",
  "level": "info",
  "message": "Nouvelle recherche pour l'utilisateur: sabrina",
  "service": "telegram-intelligence-scraper",
  "ip": "192.168.1.54",
  "options": {
    "google": false,
    "bing": false,
    "telegramApi": false,
    "social": true,
    "aiAnalysis": false,
    "sentimentAnalysis": false,
    "maxResults": 10
  }
}
{
  "timestamp": "2025-07-06 16:13:46",
  "level": "info",
  "message": "Reddit Search: \"sabrina\" telegram",
  "service": "telegram-intelligence-scraper"
}
{
  "timestamp": "2025-07-06 16:13:50",
  "level": "info",
  "message": "Reddit Search: @sabrina telegram",
  "service": "telegram-intelligence-scraper"
}
{
  "timestamp": "2025-07-06 16:13:56",
  "level": "info",
  "message": "Reddit Search: sabrina t.me",
  "service": "telegram-intelligence-scraper"
}
{
  "timestamp": "2025-07-06 16:13:58",
  "level": "info",
  "message": "Reddit Search: sabrina",
  "service": "telegram-intelligence-scraper"
}
{
  "timestamp": "2025-07-06 16:13:59",
  "level": "info",
  "message": "Reddit Search: sabrina",
  "service": "telegram-intelligence-scraper"
}
{
  "timestamp": "2025-07-06 16:13:59",
  "level": "error",
  "message": "Erreur Reddit Search pour \"sabrina\":",
  "service": "telegram-intelligence-scraper"
}
{
  "timestamp": "2025-07-06 16:13:59",
  "level": "info",
  "message": "Reddit Search: sabrina",
  "service": "telegram-intelligence-scraper"
}
{
  "timestamp": "2025-07-06 16:14:00",
  "level": "info",
  "message": "Reddit Search: sabrina channel",
  "service": "telegram-intelligence-scraper"
}
{
  "timestamp": "2025-07-06 16:14:02",
  "level": "info",
  "message": "Reddit Search: sabrina group",
  "service": "telegram-intelligence-scraper"
}
{
  "timestamp": "2025-07-06 16:14:03",
  "level": "info",
  "message": "Reddit Search: site:t.me sabrina",
  "service": "telegram-intelligence-scraper"
}
{
  "timestamp": "2025-07-06 16:14:04",
  "level": "info",
  "message": "Reddit Search: \"t.me/sabrina\"",
  "service": "telegram-intelligence-scraper"
}
{
  "timestamp": "2025-07-06 16:14:06",
  "level": "info",
  "message": "🔴 Reddit: 32 résultats",
  "service": "telegram-intelligence-scraper"
}
{
  "timestamp": "2025-07-06 16:21:17",
  "level": "info",
  "message": "Nouvelle recherche pour l'utilisateur: lems7",
  "service": "telegram-intelligence-scraper",
  "ip": "192.168.1.54",
  "options": {
    "google": false,
    "bing": false,
    "telegramApi": false,
    "social": true,
    "aiAnalysis": false,
    "sentimentAnalysis": false,
    "maxResults": 10
  }
}
{
  "timestamp": "2025-07-06 16:21:17",
  "level": "info",
  "message": "🔍 Recherche de liens Telegram pour: lems7",
  "service": "telegram-intelligence-scraper"
}
{
  "timestamp": "2025-07-06 16:21:17",
  "level": "info",
  "message": "Reddit Search: \"lems7\" telegram",
  "service": "telegram-intelligence-scraper"
}
{
  "timestamp": "2025-07-06 16:21:18",
  "level": "info",
  "message": "Reddit Search: @lems7 telegram",
  "service": "telegram-intelligence-scraper"
}
{
  "timestamp": "2025-07-06 16:21:19",
  "level": "info",
  "message": "Reddit Search: lems7 t.me",
  "service": "telegram-intelligence-scraper"
}
{
  "timestamp": "2025-07-06 16:21:21",
  "level": "info",
  "message": "Reddit Search: lems7",
  "service": "telegram-intelligence-scraper"
}
{
  "timestamp": "2025-07-06 16:21:22",
  "level": "info",
  "message": "Reddit Search: lems7",
  "service": "telegram-intelligence-scraper"
}
{
  "timestamp": "2025-07-06 16:21:22",
  "level": "error",
  "message": "Erreur Reddit Search pour \"lems7\":",
  "service": "telegram-intelligence-scraper"
}
{
  "timestamp": "2025-07-06 16:21:22",
  "level": "info",
  "message": "Reddit Search: lems7",
  "service": "telegram-intelligence-scraper"
}
{
  "timestamp": "2025-07-06 16:21:23",
  "level": "info",
  "message": "Reddit Search: lems7 channel",
  "service": "telegram-intelligence-scraper"
}
{
  "timestamp": "2025-07-06 16:21:25",
  "level": "info",
  "message": "Reddit Search: lems7 group",
  "service": "telegram-intelligence-scraper"
}
{
  "timestamp": "2025-07-06 16:21:26",
  "level": "info",
  "message": "Reddit Search: site:t.me lems7",
  "service": "telegram-intelligence-scraper"
}
{
  "timestamp": "2025-07-06 16:21:27",
  "level": "info",
  "message": "Reddit Search: \"t.me/lems7\"",
  "service": "telegram-intelligence-scraper"
}
{
  "timestamp": "2025-07-06 16:21:28",
  "level": "info",
  "message": "📱 0 liens Telegram uniques trouvés",
  "service": "telegram-intelligence-scraper"
}
{
  "timestamp": "2025-07-06 16:21:28",
  "level": "info",
  "message": "🔴 Reddit - Liens Telegram: 0 résultats",
  "service": "telegram-intelligence-scraper"
}
{
  "timestamp": "2025-07-06 16:21:40",
  "level": "info",
  "message": "Nouvelle recherche pour l'utilisateur: hannajo",
  "service": "telegram-intelligence-scraper",
  "ip": "192.168.1.54",
  "options": {
    "google": false,
    "bing": false,
    "telegramApi": false,
    "social": true,
    "aiAnalysis": false,
    "sentimentAnalysis": false,
    "maxResults": 10
  }
}
{
  "timestamp": "2025-07-06 16:21:40",
  "level": "info",
  "message": "🔍 Recherche de liens Telegram pour: hannajo",
  "service": "telegram-intelligence-scraper"
}
{
  "timestamp": "2025-07-06 16:21:41",
  "level": "info",
  "message": "Reddit Search: \"hannajo\" telegram",
  "service": "telegram-intelligence-scraper"
}
{
  "timestamp": "2025-07-06 16:21:42",
  "level": "info",
  "message": "Reddit Search: @hannajo telegram",
  "service": "telegram-intelligence-scraper"
}
{
  "timestamp": "2025-07-06 16:21:43",
  "level": "info",
  "message": "Reddit Search: hannajo t.me",
  "service": "telegram-intelligence-scraper"
}
{
  "timestamp": "2025-07-06 16:21:44",
  "level": "info",
  "message": "Reddit Search: hannajo",
  "service": "telegram-intelligence-scraper"
}
{
  "timestamp": "2025-07-06 16:21:45",
  "level": "info",
  "message": "Reddit Search: hannajo",
  "service": "telegram-intelligence-scraper"
}
{
  "timestamp": "2025-07-06 16:21:46",
  "level": "error",
  "message": "Erreur Reddit Search pour \"hannajo\":",
  "service": "telegram-intelligence-scraper"
}
{
  "timestamp": "2025-07-06 16:21:46",
  "level": "info",
  "message": "Reddit Search: hannajo",
  "service": "telegram-intelligence-scraper"
}
{
  "timestamp": "2025-07-06 16:21:47",
  "level": "info",
  "message": "Reddit Search: hannajo channel",
  "service": "telegram-intelligence-scraper"
}
{
  "timestamp": "2025-07-06 16:21:48",
  "level": "info",
  "message": "Reddit Search: hannajo group",
  "service": "telegram-intelligence-scraper"
}
{
  "timestamp": "2025-07-06 16:21:49",
  "level": "info",
  "message": "Reddit Search: site:t.me hannajo",
  "service": "telegram-intelligence-scraper"
}
{
  "timestamp": "2025-07-06 16:21:51",
  "level": "info",
  "message": "Reddit Search: \"t.me/hannajo\"",
  "service": "telegram-intelligence-scraper"
}
{
  "timestamp": "2025-07-06 16:21:52",
  "level": "info",
  "message": "📱 0 liens Telegram uniques trouvés",
  "service": "telegram-intelligence-scraper"
}
{
  "timestamp": "2025-07-06 16:21:52",
  "level": "info",
  "message": "🔴 Reddit - Liens Telegram: 0 résultats",
  "service": "telegram-intelligence-scraper"
}
{
  "timestamp": "2025-07-06 16:24:04",
  "level": "info",
  "message": "Nouvelle recherche pour l'utilisateur: durov",
  "service": "telegram-intelligence-scraper",
  "ip": "192.168.1.54",
  "options": {
    "google": false,
    "bing": false,
    "telegramApi": false,
    "social": true,
    "aiAnalysis": false,
    "sentimentAnalysis": false,
    "maxResults": 10
  }
}
{
  "timestamp": "2025-07-06 16:24:04",
  "level": "info",
  "message": "🔍 Recherche de liens Telegram pour: durov",
  "service": "telegram-intelligence-scraper"
}
{
  "timestamp": "2025-07-06 16:24:05",
  "level": "info",
  "message": "Reddit Search: \"durov\" telegram",
  "service": "telegram-intelligence-scraper"
}
{
  "timestamp": "2025-07-06 16:24:06",
  "level": "info",
  "message": "Reddit Search: @durov telegram",
  "service": "telegram-intelligence-scraper"
}
{
  "timestamp": "2025-07-06 16:24:08",
  "level": "info",
  "message": "Reddit Search: durov t.me",
  "service": "telegram-intelligence-scraper"
}
{
  "timestamp": "2025-07-06 16:24:10",
  "level": "info",
  "message": "Reddit Search: durov",
  "service": "telegram-intelligence-scraper"
}
{
  "timestamp": "2025-07-06 16:24:12",
  "level": "info",
  "message": "Reddit Search: durov",
  "service": "telegram-intelligence-scraper"
}
{
  "timestamp": "2025-07-06 16:24:12",
  "level": "error",
  "message": "Erreur Reddit Search pour \"durov\":",
  "service": "telegram-intelligence-scraper"
}
{
  "timestamp": "2025-07-06 16:24:12",
  "level": "info",
  "message": "Reddit Search: durov",
  "service": "telegram-intelligence-scraper"
}
{
  "timestamp": "2025-07-06 16:24:13",
  "level": "info",
  "message": "Reddit Search: durov channel",
  "service": "telegram-intelligence-scraper"
}
{
  "timestamp": "2025-07-06 16:24:15",
  "level": "info",
  "message": "Reddit Search: durov group",
  "service": "telegram-intelligence-scraper"
}
{
  "timestamp": "2025-07-06 16:24:16",
  "level": "info",
  "message": "Reddit Search: site:t.me durov",
  "service": "telegram-intelligence-scraper"
}
{
  "timestamp": "2025-07-06 16:24:18",
  "level": "info",
  "message": "Reddit Search: \"t.me/durov\"",
  "service": "telegram-intelligence-scraper"
}
{
  "timestamp": "2025-07-06 16:24:20",
  "level": "info",
  "message": "📱 69 liens Telegram uniques trouvés",
  "service": "telegram-intelligence-scraper"
}
{
  "timestamp": "2025-07-06 16:24:20",
  "level": "info",
  "message": "🔴 Reddit - Liens Telegram: 69 résultats",
  "service": "telegram-intelligence-scraper"
}
{
  "timestamp": "2025-07-06 16:27:29",
  "level": "info",
  "message": "Nouvelle recherche pour l'utilisateur: sophierain",
  "service": "telegram-intelligence-scraper",
  "ip": "192.168.1.54",
  "options": {
    "google": false,
    "bing": false,
    "telegramApi": false,
    "social": true,
    "aiAnalysis": false,
    "sentimentAnalysis": false,
    "maxResults": 10
  }
}
{
  "timestamp": "2025-07-06 16:27:29",
  "level": "info",
  "message": "🔍 Recherche de liens Telegram pour: sophierain",
  "service": "telegram-intelligence-scraper"
}
{
  "timestamp": "2025-07-06 16:27:29",
  "level": "info",
  "message": "Reddit Search: \"sophierain\" telegram",
  "service": "telegram-intelligence-scraper"
}
{
  "timestamp": "2025-07-06 16:27:30",
  "level": "info",
  "message": "Reddit Search: @sophierain telegram",
  "service": "telegram-intelligence-scraper"
}
{
  "timestamp": "2025-07-06 16:27:32",
  "level": "info",
  "message": "Reddit Search: sophierain t.me",
  "service": "telegram-intelligence-scraper"
}
{
  "timestamp": "2025-07-06 16:27:34",
  "level": "info",
  "message": "Reddit Search: sophierain",
  "service": "telegram-intelligence-scraper"
}
{
  "timestamp": "2025-07-06 16:27:35",
  "level": "info",
  "message": "Reddit Search: sophierain",
  "service": "telegram-intelligence-scraper"
}
{
  "timestamp": "2025-07-06 16:27:35",
  "level": "error",
  "message": "Erreur Reddit Search pour \"sophierain\":",
  "service": "telegram-intelligence-scraper"
}
{
  "timestamp": "2025-07-06 16:27:35",
  "level": "info",
  "message": "Reddit Search: sophierain",
  "service": "telegram-intelligence-scraper"
}
{
  "timestamp": "2025-07-06 16:27:36",
  "level": "info",
  "message": "Reddit Search: sophierain channel",
  "service": "telegram-intelligence-scraper"
}
{
  "timestamp": "2025-07-06 16:27:38",
  "level": "info",
  "message": "Reddit Search: sophierain group",
  "service": "telegram-intelligence-scraper"
}
{
  "timestamp": "2025-07-06 16:27:39",
  "level": "info",
  "message": "Reddit Search: site:t.me sophierain",
  "service": "telegram-intelligence-scraper"
}
{
  "timestamp": "2025-07-06 16:27:40",
  "level": "info",
  "message": "Reddit Search: \"t.me/sophierain\"",
  "service": "telegram-intelligence-scraper"
}
{
  "timestamp": "2025-07-06 16:27:42",
  "level": "info",
  "message": "📱 0 liens Telegram uniques trouvés",
  "service": "telegram-intelligence-scraper"
}
{
  "timestamp": "2025-07-06 16:27:42",
  "level": "info",
  "message": "🔴 Reddit - Liens Telegram: 0 résultats",
  "service": "telegram-intelligence-scraper"
}
{
  "timestamp": "2025-07-06 16:38:33",
  "level": "info",
  "message": "Nouvelle recherche pour l'utilisateur: lems7",
  "service": "telegram-intelligence-scraper",
  "ip": "192.168.1.54",
  "options": {
    "google": false,
    "bing": false,
    "telegramApi": false,
    "social": true,
    "aiAnalysis": false,
    "sentimentAnalysis": false,
    "maxResults": 10
  }
}
{
  "timestamp": "2025-07-06 16:38:33",
  "level": "info",
  "message": "🎯 Recherche PARFAITE de liens Telegram pour: lems7",
  "service": "telegram-intelligence-scraper"
}
{
  "timestamp": "2025-07-06 16:38:33",
  "level": "info",
  "message": "🎯 Recherche Reddit PARFAITE pour: lems7",
  "service": "telegram-intelligence-scraper"
}
{
  "timestamp": "2025-07-06 16:38:33",
  "level": "info",
  "message": "🔍 Requête: \"lems7\" (global)",
  "service": "telegram-intelligence-scraper"
}
{
  "timestamp": "2025-07-06 16:38:35",
  "level": "info",
  "message": "🔍 Requête: \"lems7\" telegram (global)",
  "service": "telegram-intelligence-scraper"
}
{
  "timestamp": "2025-07-06 16:38:36",
  "level": "info",
  "message": "🔍 Requête: \"@lems7\" (global)",
  "service": "telegram-intelligence-scraper"
}
{
  "timestamp": "2025-07-06 16:38:38",
  "level": "info",
  "message": "🔍 Requête: \"t.me/lems7\" (global)",
  "service": "telegram-intelligence-scraper"
}
{
  "timestamp": "2025-07-06 16:38:39",
  "level": "info",
  "message": "🔍 Requête: \"telegram.me/lems7\" (global)",
  "service": "telegram-intelligence-scraper"
}
{
  "timestamp": "2025-07-06 16:38:40",
  "level": "info",
  "message": "🔍 Requête: \"lems7\" (r/telegram)",
  "service": "telegram-intelligence-scraper"
}
{
  "timestamp": "2025-07-06 16:38:42",
  "level": "info",
  "message": "🔍 Requête: \"lems7\" (r/telegramchannels)",
  "service": "telegram-intelligence-scraper"
}
{
  "timestamp": "2025-07-06 16:38:42",
  "level": "warn",
  "message": "⚠️ Erreur requête \"\"lems7\"\": Request failed with status code 403",
  "service": "telegram-intelligence-scraper"
}
{
  "timestamp": "2025-07-06 16:38:42",
  "level": "info",
  "message": "🔍 Requête: \"lems7\" (r/TelegramBots)",
  "service": "telegram-intelligence-scraper"
}
{
  "timestamp": "2025-07-06 16:38:43",
  "level": "info",
  "message": "🔍 Requête: \"lems7\" (r/messaging)",
  "service": "telegram-intelligence-scraper"
}
{
  "timestamp": "2025-07-06 16:38:44",
  "level": "info",
  "message": "🔍 Requête: \"lems7\" (r/privacy)",
  "service": "telegram-intelligence-scraper"
}
{
  "timestamp": "2025-07-06 16:38:45",
  "level": "info",
  "message": "🔍 Requête: \"lems7\" (r/crypto)",
  "service": "telegram-intelligence-scraper"
}
{
  "timestamp": "2025-07-06 16:38:47",
  "level": "info",
  "message": "🔍 Requête: \"lems7\" (r/cryptocurrency)",
  "service": "telegram-intelligence-scraper"
}
{
  "timestamp": "2025-07-06 16:38:48",
  "level": "info",
  "message": "🔍 Requête: \"lems7\" (r/opensignal)",
  "service": "telegram-intelligence-scraper"
}
{
  "timestamp": "2025-07-06 16:38:48",
  "level": "warn",
  "message": "⚠️ Erreur requête \"\"lems7\"\": Request failed with status code 404",
  "service": "telegram-intelligence-scraper"
}
{
  "timestamp": "2025-07-06 16:38:48",
  "level": "info",
  "message": "🔍 Requête: url:t.me/lems7 (global)",
  "service": "telegram-intelligence-scraper"
}
{
  "timestamp": "2025-07-06 16:38:49",
  "level": "info",
  "message": "🔍 Requête: site:t.me lems7 (global)",
  "service": "telegram-intelligence-scraper"
}
{
  "timestamp": "2025-07-06 16:38:51",
  "level": "info",
  "message": "🔍 Requête: lems7 telegram (global)",
  "service": "telegram-intelligence-scraper"
}
{
  "timestamp": "2025-07-06 16:38:52",
  "level": "info",
  "message": "🔍 Requête: lems7 t.me (global)",
  "service": "telegram-intelligence-scraper"
}
{
  "timestamp": "2025-07-06 16:38:53",
  "level": "info",
  "message": "🔍 Requête: lems7 channel (global)",
  "service": "telegram-intelligence-scraper"
}
{
  "timestamp": "2025-07-06 16:38:54",
  "level": "info",
  "message": "🔍 Requête: lems7 group (global)",
  "service": "telegram-intelligence-scraper"
}
{
  "timestamp": "2025-07-06 16:38:56",
  "level": "info",
  "message": "🔍 Requête: lems7 (r/telegram)",
  "service": "telegram-intelligence-scraper"
}
{
  "timestamp": "2025-07-06 16:38:57",
  "level": "info",
  "message": "🔍 Requête: lems7 (r/telegramchannels)",
  "service": "telegram-intelligence-scraper"
}
{
  "timestamp": "2025-07-06 16:38:57",
  "level": "warn",
  "message": "⚠️ Erreur requête \"lems7\": Request failed with status code 403",
  "service": "telegram-intelligence-scraper"
}
{
  "timestamp": "2025-07-06 16:38:57",
  "level": "info",
  "message": "🔍 Requête: lems7 (r/TelegramBots)",
  "service": "telegram-intelligence-scraper"
}
{
  "timestamp": "2025-07-06 16:38:58",
  "level": "info",
  "message": "🔍 Requête: lems7 (r/messaging)",
  "service": "telegram-intelligence-scraper"
}
{
  "timestamp": "2025-07-06 16:38:59",
  "level": "info",
  "message": "🔍 Requête: lems7 (r/privacy)",
  "service": "telegram-intelligence-scraper"
}
{
  "timestamp": "2025-07-06 16:39:01",
  "level": "info",
  "message": "🔍 Requête: lems7 (r/crypto)",
  "service": "telegram-intelligence-scraper"
}
{
  "timestamp": "2025-07-06 16:39:02",
  "level": "info",
  "message": "🔍 Requête: lems7 (r/cryptocurrency)",
  "service": "telegram-intelligence-scraper"
}
{
  "timestamp": "2025-07-06 16:39:03",
  "level": "info",
  "message": "🔍 Requête: lems7 (r/opensignal)",
  "service": "telegram-intelligence-scraper"
}
{
  "timestamp": "2025-07-06 16:39:03",
  "level": "warn",
  "message": "⚠️ Erreur requête \"lems7\": Request failed with status code 404",
  "service": "telegram-intelligence-scraper"
}
{
  "timestamp": "2025-07-06 16:39:03",
  "level": "info",
  "message": "🔍 Requête: lems7 channel (r/telegram)",
  "service": "telegram-intelligence-scraper"
}
{
  "timestamp": "2025-07-06 16:39:04",
  "level": "info",
  "message": "🔍 Requête: lems7 group (r/telegram)",
  "service": "telegram-intelligence-scraper"
}
{
  "timestamp": "2025-07-06 16:39:06",
  "level": "info",
  "message": "🔍 Requête: lems7 channel (r/telegramchannels)",
  "service": "telegram-intelligence-scraper"
}
{
  "timestamp": "2025-07-06 16:39:06",
  "level": "warn",
  "message": "⚠️ Erreur requête \"lems7 channel\": Request failed with status code 403",
  "service": "telegram-intelligence-scraper"
}
{
  "timestamp": "2025-07-06 16:39:06",
  "level": "info",
  "message": "🔍 Requête: lems7 group (r/telegramchannels)",
  "service": "telegram-intelligence-scraper"
}
{
  "timestamp": "2025-07-06 16:39:06",
  "level": "warn",
  "message": "⚠️ Erreur requête \"lems7 group\": Request failed with status code 403",
  "service": "telegram-intelligence-scraper"
}
{
  "timestamp": "2025-07-06 16:39:06",
  "level": "info",
  "message": "🔍 Requête: lems7 channel (r/TelegramBots)",
  "service": "telegram-intelligence-scraper"
}
{
  "timestamp": "2025-07-06 16:39:07",
  "level": "info",
  "message": "🔍 Requête: lems7 group (r/TelegramBots)",
  "service": "telegram-intelligence-scraper"
}
{
  "timestamp": "2025-07-06 16:39:08",
  "level": "info",
  "message": "🔍 Requête: lems7 channel (r/messaging)",
  "service": "telegram-intelligence-scraper"
}
{
  "timestamp": "2025-07-06 16:39:10",
  "level": "info",
  "message": "🔍 Requête: lems7 group (r/messaging)",
  "service": "telegram-intelligence-scraper"
}
{
  "timestamp": "2025-07-06 16:39:11",
  "level": "info",
  "message": "🔍 Requête: lems7 channel (r/privacy)",
  "service": "telegram-intelligence-scraper"
}
{
  "timestamp": "2025-07-06 16:39:12",
  "level": "info",
  "message": "🔍 Requête: lems7 group (r/privacy)",
  "service": "telegram-intelligence-scraper"
}
{
  "timestamp": "2025-07-06 16:39:13",
  "level": "info",
  "message": "🔍 Requête: lems7 channel (r/crypto)",
  "service": "telegram-intelligence-scraper"
}
{
  "timestamp": "2025-07-06 16:39:14",
  "level": "info",
  "message": "🔍 Requête: lems7 group (r/crypto)",
  "service": "telegram-intelligence-scraper"
}
{
  "timestamp": "2025-07-06 16:39:17",
  "level": "info",
  "message": "🔍 Requête: lems7 channel (r/cryptocurrency)",
  "service": "telegram-intelligence-scraper"
}
{
  "timestamp": "2025-07-06 16:39:18",
  "level": "info",
  "message": "🔍 Requête: lems7 group (r/cryptocurrency)",
  "service": "telegram-intelligence-scraper"
}
{
  "timestamp": "2025-07-06 16:39:19",
  "level": "info",
  "message": "🔍 Requête: lems7 channel (r/opensignal)",
  "service": "telegram-intelligence-scraper"
}
{
  "timestamp": "2025-07-06 16:39:19",
  "level": "warn",
  "message": "⚠️ Erreur requête \"lems7 channel\": Request failed with status code 404",
  "service": "telegram-intelligence-scraper"
}
{
  "timestamp": "2025-07-06 16:39:19",
  "level": "info",
  "message": "🔍 Requête: lems7 group (r/opensignal)",
  "service": "telegram-intelligence-scraper"
}
{
  "timestamp": "2025-07-06 16:39:19",
  "level": "warn",
  "message": "⚠️ Erreur requête \"lems7 group\": Request failed with status code 404",
  "service": "telegram-intelligence-scraper"
}
{
  "timestamp": "2025-07-06 16:39:19",
  "level": "info",
  "message": "🔍 Requête: lems7 invite (global)",
  "service": "telegram-intelligence-scraper"
}
{
  "timestamp": "2025-07-06 16:39:21",
  "level": "info",
  "message": "🔍 Requête: lems7 join (global)",
  "service": "telegram-intelligence-scraper"
}
{
  "timestamp": "2025-07-06 16:39:22",
  "level": "info",
  "message": "🔄 Test de 15 variations: lems7, LEMS7, Lems7, lems7_, lem_s, lems, lems7official, lems7_official, lems7real, lems7_real, lems7original, lems7_original, lems7main, lems7_main, lems7channel",
  "service": "telegram-intelligence-scraper"
}
{
  "timestamp": "2025-07-06 16:40:22",
  "level": "info",
  "message": "🔄 Recherche inversée de liens Telegram...",
  "service": "telegram-intelligence-scraper"
}
{
  "timestamp": "2025-07-06 16:40:29",
  "level": "info",
  "message": "📅 Recherche par période temporelle...",
  "service": "telegram-intelligence-scraper"
}
{
  "timestamp": "2025-07-06 16:40:35",
  "level": "info",
  "message": "🧠 Post-traitement intelligent...",
  "service": "telegram-intelligence-scraper"
}
{
  "timestamp": "2025-07-06 16:40:35",
  "level": "info",
  "message": "🎯 Recherche parfaite terminée: 1 résultats finaux",
  "service": "telegram-intelligence-scraper"
}
{
  "timestamp": "2025-07-06 16:40:35",
  "level": "info",
  "message": "🎯 PARFAIT: 8 liens Telegram uniques trouvés",
  "service": "telegram-intelligence-scraper"
}
{
  "timestamp": "2025-07-06 16:40:35",
  "level": "info",
  "message": "🔴 Reddit - Liens Telegram: 8 résultats",
  "service": "telegram-intelligence-scraper"
}
{
  "timestamp": "2025-07-06 16:46:33",
  "level": "info",
  "message": "Nouvelle recherche pour l'utilisateur: hannahjo",
  "service": "telegram-intelligence-scraper",
  "ip": "192.168.1.54",
  "options": {
    "google": false,
    "bing": false,
    "telegramApi": false,
    "social": true,
    "aiAnalysis": false,
    "sentimentAnalysis": true,
    "maxResults": 10
  }
}
{
  "timestamp": "2025-07-06 16:46:33",
  "level": "info",
  "message": "🎯 Recherche de groupes Telegram pour: hannahjo",
  "service": "telegram-intelligence-scraper"
}
{
  "timestamp": "2025-07-06 16:46:33",
  "level": "info",
  "message": "🔍 Requête: \"hannahjo\" telegram (global)",
  "service": "telegram-intelligence-scraper"
}
{
  "timestamp": "2025-07-06 16:46:35",
  "level": "info",
  "message": "🔍 Requête: hannahjo t.me (global)",
  "service": "telegram-intelligence-scraper"
}
{
  "timestamp": "2025-07-06 16:46:36",
  "level": "info",
  "message": "🔍 Requête: \"t.me/hannahjo\" (global)",
  "service": "telegram-intelligence-scraper"
}
{
  "timestamp": "2025-07-06 16:46:37",
  "level": "info",
  "message": "🔍 Requête: hannahjo (r/telegram)",
  "service": "telegram-intelligence-scraper"
}
{
  "timestamp": "2025-07-06 16:46:38",
  "level": "info",
  "message": "🔍 Requête: site:t.me hannahjo (global)",
  "service": "telegram-intelligence-scraper"
}
{
  "timestamp": "2025-07-06 16:46:40",
  "level": "info",
  "message": "🔍 Requête: hannahjo telegram channel (global)",
  "service": "telegram-intelligence-scraper"
}
{
  "timestamp": "2025-07-06 16:46:42",
  "level": "info",
  "message": "🔍 Requête: hannahjo telegram group (global)",
  "service": "telegram-intelligence-scraper"
}
{
  "timestamp": "2025-07-06 16:46:44",
  "level": "info",
  "message": "🔍 Requête: hannahjo (r/crypto)",
  "service": "telegram-intelligence-scraper"
}
{
  "timestamp": "2025-07-06 16:46:46",
  "level": "info",
  "message": "🔍 Requête: hannahjo (r/cryptocurrency)",
  "service": "telegram-intelligence-scraper"
}
{
  "timestamp": "2025-07-06 16:46:47",
  "level": "info",
  "message": "🔍 Requête: url:t.me (global)",
  "service": "telegram-intelligence-scraper"
}
{
  "timestamp": "2025-07-06 16:46:48",
  "level": "info",
  "message": "🎯 0 groupes Telegram trouvés",
  "service": "telegram-intelligence-scraper"
}
{
  "timestamp": "2025-07-06 16:46:48",
  "level": "info",
  "message": "🔴 Reddit - Liens Telegram: 0 résultats",
  "service": "telegram-intelligence-scraper"
}
{
  "timestamp": "2025-07-06 17:08:53",
  "level": "info",
  "message": "🚀 Reddit ULTRA Search Service initialisé - RECHERCHE MAXIMALE",
  "service": "telegram-intelligence-scraper"
}
{
  "timestamp": "2025-07-06 17:08:59",
  "level": "info",
  "message": "🎯 NOUVELLE RECHERCHE ULTRA pour: hannahjo",
  "service": "telegram-intelligence-scraper",
  "ip": "192.168.1.54",
  "options": {
    "google": false,
    "bing": false,
    "telegramApi": false,
    "social": true,
    "aiAnalysis": false,
    "sentimentAnalysis": false,
    "maxResults": 10
  }
}
{
  "timestamp": "2025-07-06 17:08:59",
  "level": "info",
  "message": "🚀 Reddit ULTRA Search Service initialisé - RECHERCHE MAXIMALE",
  "service": "telegram-intelligence-scraper"
}
{
  "timestamp": "2025-07-06 17:08:59",
  "level": "info",
  "message": "🔴 REDDIT ULTRA SEARCH démarrage avec options:",
  "service": "telegram-intelligence-scraper",
  "useCache": true,
  "exportFormat": "json",
  "maxResults": 10,
  "minConfidence": 30,
  "includeStats": true,
  "subredditFilter": null,
  "timeFilter": null
}
{
  "timestamp": "2025-07-06 17:08:59",
  "level": "info",
  "message": "🎯 REDDIT ULTRA SEARCH pour: hannahjo - TOUTES STRATÉGIES ACTIVÉES",
  "service": "telegram-intelligence-scraper"
}
{
  "timestamp": "2025-07-06 17:08:59",
  "level": "info",
  "message": "✅ Reddit API authentification réussie",
  "service": "telegram-intelligence-scraper"
}
{
  "timestamp": "2025-07-06 17:08:59",
  "level": "info",
  "message": "🔍 PHASE 1: Patterns exhaustifs",
  "service": "telegram-intelligence-scraper"
}
{
  "timestamp": "2025-07-06 17:11:21",
  "level": "info",
  "message": "🔄 PHASE 2: Variations massives",
  "service": "telegram-intelligence-scraper"
}
{
  "timestamp": "2025-07-06 17:11:21",
  "level": "info",
  "message": "🔄 Testing 69 variations massives",
  "service": "telegram-intelligence-scraper"
}
{
  "timestamp": "2025-07-06 17:12:58",
  "level": "info",
  "message": "📅 PHASE 3: Analyse temporelle complète",
  "service": "telegram-intelligence-scraper"
}
{
  "timestamp": "2025-07-06 17:13:54",
  "level": "info",
  "message": "🔍 PHASE 4: Recherche inversée massive",
  "service": "telegram-intelligence-scraper"
}
{
  "timestamp": "2025-07-06 17:15:44",
  "level": "info",
  "message": "⛏️ PHASE 5: Mining utilisateur Reddit",
  "service": "telegram-intelligence-scraper"
}
{
  "timestamp": "2025-07-06 17:16:00",
  "level": "info",
  "message": "🧠 PHASE 6: Recherche contextuelle",
  "service": "telegram-intelligence-scraper"
}
{
  "timestamp": "2025-07-06 17:16:16",
  "level": "info",
  "message": "🔗 PHASE 7: Cross-référencement",
  "service": "telegram-intelligence-scraper"
}
{
  "timestamp": "2025-07-06 17:16:43",
  "level": "info",
  "message": "💬 PHASE 8: Analyse des commentaires",
  "service": "telegram-intelligence-scraper"
}
{
  "timestamp": "2025-07-06 17:16:47",
  "level": "info",
  "message": "🧠 POST-TRAITEMENT ULTRA-INTELLIGENT",
  "service": "telegram-intelligence-scraper"
}
{
  "timestamp": "2025-07-06 17:16:47",
  "level": "info",
  "message": "🧠 ULTRA-PROCESSING de 0 résultats bruts",
  "service": "telegram-intelligence-scraper"
}
{
  "timestamp": "2025-07-06 17:16:47",
  "level": "info",
  "message": "📱 0 liens Telegram bruts extraits",
  "service": "telegram-intelligence-scraper"
}
{
  "timestamp": "2025-07-06 17:16:47",
  "level": "info",
  "message": "🔄 0 liens après déduplication",
  "service": "telegram-intelligence-scraper"
}
{
  "timestamp": "2025-07-06 17:16:47",
  "level": "info",
  "message": "📊 Scoring avancé appliqué",
  "service": "telegram-intelligence-scraper"
}
{
  "timestamp": "2025-07-06 17:16:47",
  "level": "info",
  "message": "✨ 0 liens haute qualité retenus",
  "service": "telegram-intelligence-scraper"
}
{
  "timestamp": "2025-07-06 17:16:47",
  "level": "info",
  "message": "🎯 REDDIT ULTRA SEARCH terminée: 0 groupes trouvés avec 575 requêtes en 467431ms",
  "service": "telegram-intelligence-scraper"
}
{
  "timestamp": "2025-07-06 17:16:47",
  "level": "info",
  "message": "🔴 REDDIT ULTRA terminé: 0 groupes Telegram trouvés",
  "service": "telegram-intelligence-scraper"
}
{
  "timestamp": "2025-08-01 19:22:39",
  "level": "info",
  "message": "🚀 Reddit ULTRA Search Service initialisé - RECHERCHE MAXIMALE",
  "service": "telegram-intelligence-scraper"
}
{
  "timestamp": "2025-08-01 19:53:09",
  "level": "info",
  "message": "🚀 Reddit ULTRA Search Service initialisé - RECHERCHE MAXIMALE",
  "service": "telegram-intelligence-scraper"
}
