{
  "timestamp": "2025-06-30 18:55:23",
  "level": "error",
  "message": "Erreur récupération info chat @telegramofficiel:",
  "service": "telegram-intelligence-scraper"
}
{
  "timestamp": "2025-06-30 19:04:59",
  "level": "error",
  "message": "Erreur récupération info chat @telegramofficiel:",
  "service": "telegram-intelligence-scraper"
}
{
  "timestamp": "2025-06-30 19:05:54",
  "level": "error",
  "message": "Erreur récupération info chat @telegramofficiel:",
  "service": "telegram-intelligence-scraper"
}
{
  "timestamp": "2025-06-30 19:09:54",
  "level": "error",
  "message": "Erreur récupération info chat @telegramofficiel:",
  "service": "telegram-intelligence-scraper"
}
{
  "timestamp": "2025-06-30 19:10:46",
  "level": "error",
  "message": "Erreur récupération info chat @telegramofficiel:",
  "service": "telegram-intelligence-scraper"
}
{
  "timestamp": "2025-06-30 19:19:58",
  "level": "error",
  "message": "Erreur Google Search: Google API credentials non configurées",
  "service": "telegram-intelligence-scraper",
  "stack": "Error: Google API credentials non configurées\n    at GoogleSearchService.searchUser (/home/sacha/workspace/telegram-intelligence-scraper/backend/services/googleSearch.js:14:19)\n    at /home/sacha/workspace/telegram-intelligence-scraper/backend/routes/search.js:43:59\n    at Layer.handle [as handle_request] (/home/sacha/workspace/telegram-intelligence-scraper/node_modules/express/lib/router/layer.js:95:5)\n    at next (/home/sacha/workspace/telegram-intelligence-scraper/node_modules/express/lib/router/route.js:149:13)\n    at Route.dispatch (/home/sacha/workspace/telegram-intelligence-scraper/node_modules/express/lib/router/route.js:119:3)\n    at Layer.handle [as handle_request] (/home/sacha/workspace/telegram-intelligence-scraper/node_modules/express/lib/router/layer.js:95:5)\n    at /home/sacha/workspace/telegram-intelligence-scraper/node_modules/express/lib/router/index.js:284:15\n    at Function.process_params (/home/sacha/workspace/telegram-intelligence-scraper/node_modules/express/lib/router/index.js:346:12)\n    at next (/home/sacha/workspace/telegram-intelligence-scraper/node_modules/express/lib/router/index.js:280:10)\n    at /home/sacha/workspace/telegram-intelligence-scraper/node_modules/express-rate-limit/dist/index.cjs:807:7"
}
{
  "timestamp": "2025-06-30 19:20:01",
  "level": "error",
  "message": "Erreur récupération info chat @telegramofficiel:",
  "service": "telegram-intelligence-scraper"
}
{
  "timestamp": "2025-06-30 19:21:53",
  "level": "error",
  "message": "Erreur récupération info chat @telegramofficiel:",
  "service": "telegram-intelligence-scraper"
}
{
  "timestamp": "2025-06-30 21:30:43",
  "level": "error",
  "message": "API Response Error",
  "service": "Yandex",
  "success": false,
  "resultsCount": 0,
  "duration": "0ms",
  "error": "getaddrinfo ENOTFOUND search.api.cloud.yandex.net"
}
{
  "timestamp": "2025-06-30 21:30:43",
  "level": "error",
  "message": "API Response Error",
  "service": "Yandex",
  "success": false,
  "resultsCount": 0,
  "duration": "0ms",
  "error": "getaddrinfo ENOTFOUND search.api.cloud.yandex.net"
}
{
  "timestamp": "2025-06-30 21:30:43",
  "level": "error",
  "message": "API Response Error",
  "service": "Yandex",
  "success": false,
  "resultsCount": 0,
  "duration": "0ms",
  "error": "getaddrinfo ENOTFOUND search.api.cloud.yandex.net"
}
{
  "timestamp": "2025-06-30 21:30:43",
  "level": "error",
  "message": "API Response Error",
  "service": "Yandex",
  "success": false,
  "resultsCount": 0,
  "duration": "0ms",
  "error": "getaddrinfo ENOTFOUND search.api.cloud.yandex.net"
}
{
  "timestamp": "2025-06-30 21:30:43",
  "level": "error",
  "message": "API Response Error",
  "service": "Yandex",
  "success": false,
  "resultsCount": 0,
  "duration": "0ms",
  "error": "getaddrinfo ENOTFOUND search.api.cloud.yandex.net"
}
{
  "timestamp": "2025-06-30 21:30:43",
  "level": "error",
  "message": "API Response Error",
  "service": "Yandex",
  "success": false,
  "resultsCount": 0,
  "duration": "0ms",
  "error": "getaddrinfo ENOTFOUND search.api.cloud.yandex.net"
}
{
  "timestamp": "2025-06-30 21:30:43",
  "level": "error",
  "message": "API Response Error",
  "service": "Yandex",
  "success": false,
  "resultsCount": 0,
  "duration": "0ms",
  "error": "getaddrinfo ENOTFOUND search.api.cloud.yandex.net"
}
{
  "timestamp": "2025-06-30 21:30:43",
  "level": "error",
  "message": "API Response Error",
  "service": "Yandex",
  "success": false,
  "resultsCount": 0,
  "duration": "0ms",
  "error": "getaddrinfo ENOTFOUND search.api.cloud.yandex.net"
}
{
  "timestamp": "2025-06-30 21:30:43",
  "level": "error",
  "message": "API Response Error",
  "service": "Yandex",
  "success": false,
  "resultsCount": 0,
  "duration": "0ms",
  "error": "getaddrinfo ENOTFOUND search.api.cloud.yandex.net"
}
{
  "timestamp": "2025-06-30 21:30:43",
  "level": "error",
  "message": "API Response Error",
  "service": "Yandex",
  "success": false,
  "resultsCount": 0,
  "duration": "0ms",
  "error": "getaddrinfo ENOTFOUND search.api.cloud.yandex.net"
}
{
  "timestamp": "2025-06-30 21:31:00",
  "level": "error",
  "message": "API Response Error",
  "service": "Yandex",
  "success": false,
  "resultsCount": 0,
  "duration": "0ms",
  "error": "getaddrinfo ENOTFOUND search.api.cloud.yandex.net"
}
{
  "timestamp": "2025-06-30 21:31:00",
  "level": "error",
  "message": "API Response Error",
  "service": "Yandex",
  "success": false,
  "resultsCount": 0,
  "duration": "0ms",
  "error": "getaddrinfo ENOTFOUND search.api.cloud.yandex.net"
}
{
  "timestamp": "2025-06-30 21:31:00",
  "level": "error",
  "message": "API Response Error",
  "service": "Yandex",
  "success": false,
  "resultsCount": 0,
  "duration": "0ms",
  "error": "getaddrinfo ENOTFOUND search.api.cloud.yandex.net"
}
{
  "timestamp": "2025-06-30 21:31:00",
  "level": "error",
  "message": "API Response Error",
  "service": "Yandex",
  "success": false,
  "resultsCount": 0,
  "duration": "0ms",
  "error": "getaddrinfo ENOTFOUND search.api.cloud.yandex.net"
}
{
  "timestamp": "2025-06-30 21:31:00",
  "level": "error",
  "message": "API Response Error",
  "service": "Yandex",
  "success": false,
  "resultsCount": 0,
  "duration": "0ms",
  "error": "getaddrinfo ENOTFOUND search.api.cloud.yandex.net"
}
{
  "timestamp": "2025-06-30 21:31:00",
  "level": "error",
  "message": "API Response Error",
  "service": "Yandex",
  "success": false,
  "resultsCount": 0,
  "duration": "0ms",
  "error": "getaddrinfo ENOTFOUND search.api.cloud.yandex.net"
}
{
  "timestamp": "2025-06-30 21:31:00",
  "level": "error",
  "message": "API Response Error",
  "service": "Yandex",
  "success": false,
  "resultsCount": 0,
  "duration": "0ms",
  "error": "getaddrinfo ENOTFOUND search.api.cloud.yandex.net"
}
{
  "timestamp": "2025-06-30 21:31:00",
  "level": "error",
  "message": "API Response Error",
  "service": "Yandex",
  "success": false,
  "resultsCount": 0,
  "duration": "0ms",
  "error": "getaddrinfo ENOTFOUND search.api.cloud.yandex.net"
}
{
  "timestamp": "2025-06-30 21:31:00",
  "level": "error",
  "message": "API Response Error",
  "service": "Yandex",
  "success": false,
  "resultsCount": 0,
  "duration": "0ms",
  "error": "getaddrinfo ENOTFOUND search.api.cloud.yandex.net"
}
{
  "timestamp": "2025-06-30 21:31:00",
  "level": "error",
  "message": "API Response Error",
  "service": "Yandex",
  "success": false,
  "resultsCount": 0,
  "duration": "0ms",
  "error": "getaddrinfo ENOTFOUND search.api.cloud.yandex.net"
}
{
  "timestamp": "2025-06-30 21:40:31",
  "level": "error",
  "message": "API Response Error",
  "service": "Yandex",
  "success": false,
  "resultsCount": 0,
  "duration": "0ms",
  "error": "getaddrinfo ENOTFOUND search.api.cloud.yandex.net"
}
{
  "timestamp": "2025-06-30 21:40:31",
  "level": "error",
  "message": "API Response Error",
  "service": "Yandex",
  "success": false,
  "resultsCount": 0,
  "duration": "0ms",
  "error": "getaddrinfo ENOTFOUND search.api.cloud.yandex.net"
}
{
  "timestamp": "2025-06-30 21:40:31",
  "level": "error",
  "message": "API Response Error",
  "service": "Yandex",
  "success": false,
  "resultsCount": 0,
  "duration": "0ms",
  "error": "getaddrinfo ENOTFOUND search.api.cloud.yandex.net"
}
{
  "timestamp": "2025-06-30 21:40:31",
  "level": "error",
  "message": "API Response Error",
  "service": "Yandex",
  "success": false,
  "resultsCount": 0,
  "duration": "0ms",
  "error": "getaddrinfo ENOTFOUND search.api.cloud.yandex.net"
}
{
  "timestamp": "2025-06-30 21:40:31",
  "level": "error",
  "message": "API Response Error",
  "service": "Yandex",
  "success": false,
  "resultsCount": 0,
  "duration": "0ms",
  "error": "getaddrinfo ENOTFOUND search.api.cloud.yandex.net"
}
{
  "timestamp": "2025-06-30 21:40:31",
  "level": "error",
  "message": "API Response Error",
  "service": "Yandex",
  "success": false,
  "resultsCount": 0,
  "duration": "0ms",
  "error": "getaddrinfo ENOTFOUND search.api.cloud.yandex.net"
}
{
  "timestamp": "2025-06-30 21:40:31",
  "level": "error",
  "message": "API Response Error",
  "service": "Yandex",
  "success": false,
  "resultsCount": 0,
  "duration": "0ms",
  "error": "getaddrinfo ENOTFOUND search.api.cloud.yandex.net"
}
{
  "timestamp": "2025-06-30 21:40:31",
  "level": "error",
  "message": "API Response Error",
  "service": "Yandex",
  "success": false,
  "resultsCount": 0,
  "duration": "0ms",
  "error": "getaddrinfo ENOTFOUND search.api.cloud.yandex.net"
}
{
  "timestamp": "2025-06-30 21:40:31",
  "level": "error",
  "message": "API Response Error",
  "service": "Yandex",
  "success": false,
  "resultsCount": 0,
  "duration": "0ms",
  "error": "getaddrinfo ENOTFOUND search.api.cloud.yandex.net"
}
{
  "timestamp": "2025-06-30 21:40:31",
  "level": "error",
  "message": "API Response Error",
  "service": "Yandex",
  "success": false,
  "resultsCount": 0,
  "duration": "0ms",
  "error": "getaddrinfo ENOTFOUND search.api.cloud.yandex.net"
}
{
  "timestamp": "2025-06-30 21:43:19",
  "level": "error",
  "message": "API Response Error",
  "service": "Yandex",
  "success": false,
  "resultsCount": 0,
  "duration": "0ms",
  "error": "Request failed with status code 404"
}
{
  "timestamp": "2025-06-30 21:43:19",
  "level": "error",
  "message": "API Response Error",
  "service": "Yandex",
  "success": false,
  "resultsCount": 0,
  "duration": "0ms",
  "error": "Request failed with status code 404"
}
{
  "timestamp": "2025-06-30 21:43:19",
  "level": "error",
  "message": "API Response Error",
  "service": "Yandex",
  "success": false,
  "resultsCount": 0,
  "duration": "0ms",
  "error": "Request failed with status code 404"
}
{
  "timestamp": "2025-06-30 21:43:19",
  "level": "error",
  "message": "API Response Error",
  "service": "Yandex",
  "success": false,
  "resultsCount": 0,
  "duration": "0ms",
  "error": "Request failed with status code 404"
}
{
  "timestamp": "2025-06-30 21:43:19",
  "level": "error",
  "message": "API Response Error",
  "service": "Yandex",
  "success": false,
  "resultsCount": 0,
  "duration": "0ms",
  "error": "Request failed with status code 404"
}
{
  "timestamp": "2025-06-30 21:43:20",
  "level": "error",
  "message": "API Response Error",
  "service": "Yandex",
  "success": false,
  "resultsCount": 0,
  "duration": "0ms",
  "error": "Request failed with status code 404"
}
{
  "timestamp": "2025-06-30 21:43:20",
  "level": "error",
  "message": "API Response Error",
  "service": "Yandex",
  "success": false,
  "resultsCount": 0,
  "duration": "0ms",
  "error": "Request failed with status code 404"
}
{
  "timestamp": "2025-06-30 21:43:20",
  "level": "error",
  "message": "API Response Error",
  "service": "Yandex",
  "success": false,
  "resultsCount": 0,
  "duration": "0ms",
  "error": "Request failed with status code 404"
}
{
  "timestamp": "2025-06-30 21:43:20",
  "level": "error",
  "message": "API Response Error",
  "service": "Yandex",
  "success": false,
  "resultsCount": 0,
  "duration": "0ms",
  "error": "Request failed with status code 404"
}
{
  "timestamp": "2025-06-30 21:43:20",
  "level": "error",
  "message": "API Response Error",
  "service": "Yandex",
  "success": false,
  "resultsCount": 0,
  "duration": "0ms",
  "error": "Request failed with status code 404"
}
{
  "timestamp": "2025-07-06 15:55:11",
  "level": "error",
  "message": "❌ Erreur authentification Reddit: Unauthorized",
  "service": "telegram-intelligence-scraper",
  "error": 401
}
{
  "timestamp": "2025-07-06 15:55:11",
  "level": "error",
  "message": "❌ Erreur Reddit API: Impossible de s'authentifier avec l'API Reddit",
  "service": "telegram-intelligence-scraper",
  "stack": "Error: Impossible de s'authentifier avec l'API Reddit\n    at RedditAPIService.authenticate (/home/sacha/workspace/telegram-intelligence-scraper/backend/services/redditAPI.js:53:19)\n    at process.processTicksAndRejections (node:internal/process/task_queues:95:5)\n    at async RedditAPIService.searchTelegramOnReddit (/home/sacha/workspace/telegram-intelligence-scraper/backend/services/redditAPI.js:69:13)\n    at async SocialScraperService.searchRedditEnhanced (/home/sacha/workspace/telegram-intelligence-scraper/backend/services/socialScraper.js:191:32)\n    at async Promise.allSettled (index 0)\n    at async SocialScraperService.searchUser (/home/sacha/workspace/telegram-intelligence-scraper/backend/services/socialScraper.js:146:37)\n    at async /home/sacha/workspace/telegram-intelligence-scraper/backend/routes/search.js:94:39"
}
{
  "timestamp": "2025-07-06 16:13:59",
  "level": "error",
  "message": "Erreur Reddit Search pour \"sabrina\":",
  "service": "telegram-intelligence-scraper"
}
{
  "timestamp": "2025-07-06 16:21:22",
  "level": "error",
  "message": "Erreur Reddit Search pour \"lems7\":",
  "service": "telegram-intelligence-scraper"
}
{
  "timestamp": "2025-07-06 16:21:46",
  "level": "error",
  "message": "Erreur Reddit Search pour \"hannajo\":",
  "service": "telegram-intelligence-scraper"
}
{
  "timestamp": "2025-07-06 16:24:12",
  "level": "error",
  "message": "Erreur Reddit Search pour \"durov\":",
  "service": "telegram-intelligence-scraper"
}
{
  "timestamp": "2025-07-06 16:27:35",
  "level": "error",
  "message": "Erreur Reddit Search pour \"sophierain\":",
  "service": "telegram-intelligence-scraper"
}
